[2019-12-05T08:49:03.365] [INFO] default - --------------------------- 开始编译 ---------------------------
[2019-12-05T08:49:03.368] [INFO] default - 程序运行目录: D:\work\网上群众工作会议
[2019-12-05T08:49:03.368] [INFO] default - 首次启动!
[2019-12-05T08:49:03.368] [INFO] default - 生成版本号: vkgcwsj0a1o
[2019-12-05T08:49:03.369] [INFO] default - 清理资源文件夹: D:\work\网上群众工作会议\dist\static
[2019-12-05T08:49:03.369] [INFO] default - 文件夹不存在: D:\work\网上群众工作会议\dist\static
[2019-12-05T08:49:03.370] [INFO] default - 创建文件夹: D:\work\网上群众工作会议\dist\static
[2019-12-05T08:49:03.370] [INFO] default - 读取模板文件: C:\Users\PG\Documents\GitHub\PG\lib\index.html
[2019-12-05T08:49:03.370] [DEBUG] default - 读取网页标题: {TAG_14226_TAG}
[2019-12-05T08:49:03.370] [DEBUG] default - 处理页面源信息: [{"http-equiv":"content-type","content":"text/html; charset=UTF-8"},{"name":"viewport","content":"width=1200, user-scalable=no"},{"name":"format-detection","content":"telephone=no, email=no"},{"name":"apple-mobile-web-app-capable","content":"yes"},{"name":"apple-mobile-web-app-status-bar-style","content":"white"},{"name":"renderer","content":"webkit"},{"http-equiv":"X-UA-Compatible","content":"IE=edge,chrome=1"},{"name":"filetype","content":"1"},{"name":"publishedtype","content":"1"},{"name":"pagetype","content":"2"},{"name":"screen-orientation","content":"landscape"},{"name":"x5-orientation","content":"landscape"},{"name":"full-screen","content":"yes"},{"name":"x5-fullscreen","content":"true"},{"name":"browsermode","content":"application"},{"name":"x5-page-mode","content":"app"}]
[2019-12-05T08:49:03.371] [INFO] default - 开始处理模块: home
[2019-12-05T08:49:03.840] [DEBUG] default - 缓存模板: home./src/page/home.owo
[2019-12-05T08:49:03.876] [DEBUG] default - 页面home处理用时: 505 毫秒!
[2019-12-05T08:49:03.881] [INFO] default - 文件夹不存在: D:/work/网上群众工作会议/dist/static/resource
[2019-12-05T08:49:03.881] [INFO] default - 创建文件夹: D:/work/网上群众工作会议/dist/static/resource
[2019-12-05T08:49:03.881] [DEBUG] default - css中的资源处理完毕!
[2019-12-05T08:49:06.228] [DEBUG] default - 使用postcss处理样式，使用了1个插件!
[2019-12-05T08:49:06.267] [INFO] default - 文件夹不存在: D:\work\网上群众工作会议\dist\static\css
[2019-12-05T08:49:06.267] [INFO] default - 创建文件夹: D:\work\网上群众工作会议\dist\static\css
[2019-12-05T08:49:06.267] [INFO] default - 开始处理附属css中的资源
[2019-12-05T08:49:06.267] [INFO] default - 附属css中的资源处理完毕!
[2019-12-05T08:49:06.268] [INFO] default - 处理字体: {}
[2019-12-05T08:49:08.199] [INFO] default - 使用postcss处理完毕! 用时: 1970 毫秒
[2019-12-05T08:49:08.200] [INFO] default - 正在处理script!
[2019-12-05T08:49:08.333] [DEBUG] default - 选择将js合并到html中!
[2019-12-05T08:49:14.421] [INFO] default - 工程中只有一个页面!
[2019-12-05T08:49:14.442] [INFO] default - js中的资源处理完毕!
[2019-12-05T08:49:14.445] [DEBUG] default - 处理引用脚本: [{"name":"jquery1.11.0","src":"http://tools.people.com.cn/libs/jquery/1.11.1/jquery-1.11.1.min.js"},{"name":"idangerous.swiper2.7.0","src":"http://tools.people.com.cn/libs/swiper/2.0/idangerous.swiper.min.js"},{"name":"main","src":"./src/main.js","resource":true}]
[2019-12-05T08:49:14.446] [DEBUG] default - 外部脚本数量: 3
[2019-12-05T08:49:14.446] [DEBUG] default - 处理脚本: jquery1.11.0
[2019-12-05T08:49:14.446] [DEBUG] default - 网络脚本: jquery1.11.0
[2019-12-05T08:49:14.446] [DEBUG] default - 处理脚本: idangerous.swiper2.7.0
[2019-12-05T08:49:14.446] [DEBUG] default - 网络脚本: idangerous.swiper2.7.0
[2019-12-05T08:49:14.446] [DEBUG] default - 处理脚本: main
[2019-12-05T08:49:14.446] [INFO] default - 读取文件: D:\work\网上群众工作会议\src\main.js
[2019-12-05T08:49:14.446] [DEBUG] default - 输出scriptData
[2019-12-05T08:49:14.447] [DEBUG] default - 准备输出html!
[2019-12-05T08:49:14.448] [INFO] default - 文件夹不存在: D:\work\网上群众工作会议\dist\static\js
[2019-12-05T08:49:14.448] [INFO] default - 创建文件夹: D:\work\网上群众工作会议\dist\static\js
[2019-12-05T08:49:14.449] [DEBUG] default - 页面中不包含切换动画!
[2019-12-05T08:49:14.461] [INFO] default - 编译结束!
[2019-12-05T08:49:14.462] [INFO] default - 发送页面需要刷新命令!
[2019-12-05T08:49:14.477] [INFO] default - 写入文件: D:\work\网上群众工作会议\dist\static\css\owo.main.css
[2019-12-05T08:49:14.477] [INFO] default - 读取成功: D:\work\网上群众工作会议\src\main.css
[2019-12-05T08:49:14.477] [INFO] default - 读取成功: D:\work\网上群众工作会议\src\main.js
[2019-12-05T08:49:14.478] [INFO] default - 主要逻辑文件写出成功!
[2019-12-05T08:49:14.490] [INFO] default - 写入文件: D:\work\网上群众工作会议\dist\static\css\main.css
[2019-12-05T08:49:14.491] [INFO] default - 写入文件: D:\work\网上群众工作会议\dist\static\js\main.js
[2019-12-05T08:49:55.593] [INFO] default - file change: D:\work\网上群众工作会议\src\page\home.owo
[2019-12-05T08:49:55.593] [INFO] default - --------------------------- 开始编译 ---------------------------
[2019-12-05T08:49:55.593] [INFO] default - 程序运行目录: D:\work\网上群众工作会议
[2019-12-05T08:49:55.593] [INFO] default - 刷新模式,变化目录: D:\work\网上群众工作会议\src\page\home.owo
[2019-12-05T08:49:55.594] [INFO] default - 读取模板文件: C:\Users\PG\Documents\GitHub\PG\lib\index.html
[2019-12-05T08:49:55.594] [DEBUG] default - 读取网页标题: {TAG_14226_TAG}
[2019-12-05T08:49:55.594] [DEBUG] default - 处理页面源信息: [{"http-equiv":"content-type","content":"text/html; charset=UTF-8"},{"name":"viewport","content":"width=1200, user-scalable=no"},{"name":"format-detection","content":"telephone=no, email=no"},{"name":"apple-mobile-web-app-capable","content":"yes"},{"name":"apple-mobile-web-app-status-bar-style","content":"white"},{"name":"renderer","content":"webkit"},{"http-equiv":"X-UA-Compatible","content":"IE=edge,chrome=1"},{"name":"filetype","content":"1"},{"name":"publishedtype","content":"1"},{"name":"pagetype","content":"2"},{"name":"screen-orientation","content":"landscape"},{"name":"x5-orientation","content":"landscape"},{"name":"full-screen","content":"yes"},{"name":"x5-fullscreen","content":"true"},{"name":"browsermode","content":"application"},{"name":"x5-page-mode","content":"app"}]
[2019-12-05T08:49:55.594] [INFO] default - 开始处理模块: home
[2019-12-05T08:49:55.607] [INFO] default - 开始处理模块: topBar
[2019-12-05T08:49:55.607] [DEBUG] default - 开始获取网络模板:https://owo.ink/public/2259616cc09d409ddece5662234b817e.page
[2019-12-05T08:49:56.207] [DEBUG] default - 缓存模板: topBarhttps://owo.ink/public/2259616cc09d409ddece5662234b817e.page
[2019-12-05T08:49:56.212] [DEBUG] default - 模块topBar处理用时: 605 毫秒!
[2019-12-05T08:49:56.213] [DEBUG] default - 缓存模板: home./src/page/home.owo
[2019-12-05T08:49:56.214] [DEBUG] default - 页面home处理用时: 620 毫秒!
[2019-12-05T08:49:56.214] [DEBUG] default - css中的资源处理完毕!
[2019-12-05T08:49:56.214] [DEBUG] default - 使用postcss处理样式，使用了1个插件!
[2019-12-05T08:49:56.218] [INFO] default - 处理字体: {}
[2019-12-05T08:49:56.219] [INFO] default - 使用postcss处理完毕! 用时: 5 毫秒
[2019-12-05T08:49:56.219] [INFO] default - 正在处理script!
[2019-12-05T08:49:56.220] [DEBUG] default - 选择将js合并到html中!
[2019-12-05T08:49:56.233] [INFO] default - 工程中只有一个页面!
[2019-12-05T08:49:56.233] [INFO] default - js中的资源处理完毕!
[2019-12-05T08:49:56.233] [DEBUG] default - 处理引用脚本: [{"name":"jquery1.11.0","src":"http://tools.people.com.cn/libs/jquery/1.11.1/jquery-1.11.1.min.js"},{"name":"idangerous.swiper2.7.0","src":"http://tools.people.com.cn/libs/swiper/2.0/idangerous.swiper.min.js"},{"name":"main","src":"./src/main.js","resource":true}]
[2019-12-05T08:49:56.233] [DEBUG] default - 外部脚本数量: 3
[2019-12-05T08:49:56.233] [DEBUG] default - 处理脚本: jquery1.11.0
[2019-12-05T08:49:56.233] [DEBUG] default - 网络脚本: jquery1.11.0
[2019-12-05T08:49:56.234] [DEBUG] default - 处理脚本: idangerous.swiper2.7.0
[2019-12-05T08:49:56.234] [DEBUG] default - 网络脚本: idangerous.swiper2.7.0
[2019-12-05T08:49:56.234] [DEBUG] default - 处理脚本: main
[2019-12-05T08:49:56.234] [INFO] default - 读取文件: D:\work\网上群众工作会议\src\main.js
[2019-12-05T08:49:56.235] [DEBUG] default - 输出scriptData
[2019-12-05T08:49:56.235] [DEBUG] default - 准备输出html!
[2019-12-05T08:49:56.236] [DEBUG] default - 页面中不包含切换动画!
[2019-12-05T08:49:56.236] [INFO] default - 编译结束!
[2019-12-05T08:49:56.237] [INFO] default - 发送页面需要刷新命令!
[2019-12-05T08:49:56.240] [INFO] default - 主要逻辑文件写出成功!
[2019-12-05T08:49:56.240] [INFO] default - 写入文件: D:\work\网上群众工作会议\dist\static\css\owo.main.css
[2019-12-05T08:49:56.241] [INFO] default - 读取成功: D:\work\网上群众工作会议\src\main.js
[2019-12-05T08:49:56.249] [INFO] default - 写入文件: D:\work\网上群众工作会议\dist\static\js\main.js
[2019-12-05T08:50:49.256] [INFO] default - file change: D:\work\网上群众工作会议\src\page\home.owo
[2019-12-05T08:50:49.256] [INFO] default - --------------------------- 开始编译 ---------------------------
[2019-12-05T08:50:49.256] [INFO] default - 程序运行目录: D:\work\网上群众工作会议
[2019-12-05T08:50:49.256] [INFO] default - 刷新模式,变化目录: D:\work\网上群众工作会议\src\page\home.owo
[2019-12-05T08:50:49.256] [INFO] default - 读取模板文件: C:\Users\PG\Documents\GitHub\PG\lib\index.html
[2019-12-05T08:50:49.256] [DEBUG] default - 读取网页标题: {TAG_14226_TAG}
[2019-12-05T08:50:49.256] [DEBUG] default - 处理页面源信息: [{"http-equiv":"content-type","content":"text/html; charset=UTF-8"},{"name":"viewport","content":"width=1200, user-scalable=no"},{"name":"format-detection","content":"telephone=no, email=no"},{"name":"apple-mobile-web-app-capable","content":"yes"},{"name":"apple-mobile-web-app-status-bar-style","content":"white"},{"name":"renderer","content":"webkit"},{"http-equiv":"X-UA-Compatible","content":"IE=edge,chrome=1"},{"name":"filetype","content":"1"},{"name":"publishedtype","content":"1"},{"name":"pagetype","content":"2"},{"name":"screen-orientation","content":"landscape"},{"name":"x5-orientation","content":"landscape"},{"name":"full-screen","content":"yes"},{"name":"x5-fullscreen","content":"true"},{"name":"browsermode","content":"application"},{"name":"x5-page-mode","content":"app"}]
[2019-12-05T08:50:49.256] [INFO] default - 开始处理模块: home
[2019-12-05T08:50:49.262] [INFO] default - 开始处理模块: topBar
[2019-12-05T08:50:49.262] [DEBUG] default - 开始获取网络模板:https://owo.ink/public/6b0b9997573040ed3cc6230f3891f322.page
[2019-12-05T08:50:49.495] [DEBUG] default - 缓存模板: topBarhttps://owo.ink/public/6b0b9997573040ed3cc6230f3891f322.page
[2019-12-05T08:50:49.497] [DEBUG] default - 模块topBar处理用时: 235 毫秒!
[2019-12-05T08:50:49.497] [DEBUG] default - 缓存模板: home./src/page/home.owo
[2019-12-05T08:50:49.497] [DEBUG] default - 页面home处理用时: 241 毫秒!
[2019-12-05T08:50:49.498] [DEBUG] default - css中的资源处理完毕!
[2019-12-05T08:50:49.498] [DEBUG] default - 使用postcss处理样式，使用了1个插件!
[2019-12-05T08:50:49.501] [INFO] default - 处理字体: {}
[2019-12-05T08:50:49.501] [INFO] default - 使用postcss处理完毕! 用时: 3 毫秒
[2019-12-05T08:50:49.501] [INFO] default - 正在处理script!
[2019-12-05T08:50:49.502] [DEBUG] default - 选择将js合并到html中!
[2019-12-05T08:50:49.510] [INFO] default - 工程中只有一个页面!
[2019-12-05T08:50:49.511] [INFO] default - js中的资源处理完毕!
[2019-12-05T08:50:49.511] [DEBUG] default - 处理引用脚本: [{"name":"jquery1.11.0","src":"http://tools.people.com.cn/libs/jquery/1.11.1/jquery-1.11.1.min.js"},{"name":"idangerous.swiper2.7.0","src":"http://tools.people.com.cn/libs/swiper/2.0/idangerous.swiper.min.js"},{"name":"main","src":"./src/main.js","resource":true}]
[2019-12-05T08:50:49.511] [DEBUG] default - 外部脚本数量: 3
[2019-12-05T08:50:49.511] [DEBUG] default - 处理脚本: jquery1.11.0
[2019-12-05T08:50:49.511] [DEBUG] default - 网络脚本: jquery1.11.0
[2019-12-05T08:50:49.511] [DEBUG] default - 处理脚本: idangerous.swiper2.7.0
[2019-12-05T08:50:49.511] [DEBUG] default - 网络脚本: idangerous.swiper2.7.0
[2019-12-05T08:50:49.511] [DEBUG] default - 处理脚本: main
[2019-12-05T08:50:49.511] [INFO] default - 读取文件: D:\work\网上群众工作会议\src\main.js
[2019-12-05T08:50:49.511] [DEBUG] default - 输出scriptData
[2019-12-05T08:50:49.511] [DEBUG] default - 准备输出html!
[2019-12-05T08:50:49.512] [DEBUG] default - 页面中不包含切换动画!
[2019-12-05T08:50:49.513] [INFO] default - 编译结束!
[2019-12-05T08:50:49.514] [INFO] default - 发送页面需要刷新命令!
[2019-12-05T08:50:49.516] [INFO] default - 写入文件: D:\work\网上群众工作会议\dist\static\css\owo.main.css
[2019-12-05T08:50:49.516] [INFO] default - 主要逻辑文件写出成功!
[2019-12-05T08:50:49.517] [INFO] default - 读取成功: D:\work\网上群众工作会议\src\main.js
[2019-12-05T08:50:49.517] [INFO] default - 写入文件: D:\work\网上群众工作会议\dist\static\js\main.js
[2019-12-05T08:58:19.299] [INFO] default - file change: D:\work\网上群众工作会议\src\page\home.owo
[2019-12-05T08:58:19.300] [INFO] default - --------------------------- 开始编译 ---------------------------
[2019-12-05T08:58:19.300] [INFO] default - 程序运行目录: D:\work\网上群众工作会议
[2019-12-05T08:58:19.300] [INFO] default - 刷新模式,变化目录: D:\work\网上群众工作会议\src\page\home.owo
[2019-12-05T08:58:19.300] [INFO] default - 读取模板文件: C:\Users\PG\Documents\GitHub\PG\lib\index.html
[2019-12-05T08:58:19.300] [DEBUG] default - 读取网页标题: {TAG_14226_TAG}
[2019-12-05T08:58:19.300] [DEBUG] default - 处理页面源信息: [{"http-equiv":"content-type","content":"text/html; charset=UTF-8"},{"name":"viewport","content":"width=1200, user-scalable=no"},{"name":"format-detection","content":"telephone=no, email=no"},{"name":"apple-mobile-web-app-capable","content":"yes"},{"name":"apple-mobile-web-app-status-bar-style","content":"white"},{"name":"renderer","content":"webkit"},{"http-equiv":"X-UA-Compatible","content":"IE=edge,chrome=1"},{"name":"filetype","content":"1"},{"name":"publishedtype","content":"1"},{"name":"pagetype","content":"2"},{"name":"screen-orientation","content":"landscape"},{"name":"x5-orientation","content":"landscape"},{"name":"full-screen","content":"yes"},{"name":"x5-fullscreen","content":"true"},{"name":"browsermode","content":"application"},{"name":"x5-page-mode","content":"app"}]
[2019-12-05T08:58:19.300] [INFO] default - 开始处理模块: home
[2019-12-05T08:58:19.308] [INFO] default - 开始处理模块: topBar
[2019-12-05T08:58:19.308] [DEBUG] default - 使用文件缓存:D:\work\网上群众工作会议\owo_modules\7c776025c29680036680cb22a13e2868.owo
[2019-12-05T08:58:19.310] [DEBUG] default - 缓存模板: topBarhttps://owo.ink/public/6b0b9997573040ed3cc6230f3891f322.page
[2019-12-05T08:58:19.312] [DEBUG] default - 模块topBar处理用时: 4 毫秒!
[2019-12-05T08:58:19.312] [DEBUG] default - 缓存模板: home./src/page/home.owo
[2019-12-05T08:58:19.313] [DEBUG] default - 页面home处理用时: 13 毫秒!
[2019-12-05T08:58:19.313] [DEBUG] default - css中的资源处理完毕!
[2019-12-05T08:58:19.313] [DEBUG] default - 使用postcss处理样式，使用了1个插件!
[2019-12-05T08:58:19.315] [INFO] default - 处理字体: {}
[2019-12-05T08:58:19.316] [INFO] default - 使用postcss处理完毕! 用时: 3 毫秒
[2019-12-05T08:58:19.316] [INFO] default - 正在处理script!
[2019-12-05T08:58:19.317] [DEBUG] default - 选择将js合并到html中!
[2019-12-05T08:58:19.325] [INFO] default - 工程中只有一个页面!
[2019-12-05T08:58:19.325] [INFO] default - js中的资源处理完毕!
[2019-12-05T08:58:19.326] [DEBUG] default - 处理引用脚本: [{"name":"jquery1.11.0","src":"http://tools.people.com.cn/libs/jquery/1.11.1/jquery-1.11.1.min.js"},{"name":"idangerous.swiper2.7.0","src":"http://tools.people.com.cn/libs/swiper/2.0/idangerous.swiper.min.js"},{"name":"main","src":"./src/main.js","resource":true}]
[2019-12-05T08:58:19.326] [DEBUG] default - 外部脚本数量: 3
[2019-12-05T08:58:19.326] [DEBUG] default - 处理脚本: jquery1.11.0
[2019-12-05T08:58:19.326] [DEBUG] default - 网络脚本: jquery1.11.0
[2019-12-05T08:58:19.326] [DEBUG] default - 处理脚本: idangerous.swiper2.7.0
[2019-12-05T08:58:19.326] [DEBUG] default - 网络脚本: idangerous.swiper2.7.0
[2019-12-05T08:58:19.326] [DEBUG] default - 处理脚本: main
[2019-12-05T08:58:19.326] [INFO] default - 读取文件: D:\work\网上群众工作会议\src\main.js
[2019-12-05T08:58:19.326] [DEBUG] default - 输出scriptData
[2019-12-05T08:58:19.326] [DEBUG] default - 准备输出html!
[2019-12-05T08:58:19.327] [ERROR] default - 找不到资源文件: D:/work/网上群众工作会议/src/resource/main.jpg
[2019-12-05T08:58:19.328] [DEBUG] default - 页面中不包含切换动画!
[2019-12-05T08:58:19.328] [INFO] default - 编译结束!
[2019-12-05T08:58:19.330] [INFO] default - 发送页面需要刷新命令!
[2019-12-05T08:58:19.331] [INFO] default - 写入文件: D:\work\网上群众工作会议\dist\static\css\owo.main.css
[2019-12-05T08:58:19.331] [INFO] default - 主要逻辑文件写出成功!
[2019-12-05T08:58:19.331] [INFO] default - 读取成功: D:\work\网上群众工作会议\src\main.js
[2019-12-05T08:58:19.332] [INFO] default - 写入文件: D:\work\网上群众工作会议\dist\static\js\main.js
[2019-12-05T08:58:38.263] [INFO] default - file change: D:\work\网上群众工作会议\src\page\home.owo
[2019-12-05T08:58:38.263] [INFO] default - --------------------------- 开始编译 ---------------------------
[2019-12-05T08:58:38.263] [INFO] default - 程序运行目录: D:\work\网上群众工作会议
[2019-12-05T08:58:38.263] [INFO] default - 刷新模式,变化目录: D:\work\网上群众工作会议\src\page\home.owo
[2019-12-05T08:58:38.263] [INFO] default - 读取模板文件: C:\Users\PG\Documents\GitHub\PG\lib\index.html
[2019-12-05T08:58:38.264] [DEBUG] default - 读取网页标题: {TAG_14226_TAG}
[2019-12-05T08:58:38.264] [DEBUG] default - 处理页面源信息: [{"http-equiv":"content-type","content":"text/html; charset=UTF-8"},{"name":"viewport","content":"width=1200, user-scalable=no"},{"name":"format-detection","content":"telephone=no, email=no"},{"name":"apple-mobile-web-app-capable","content":"yes"},{"name":"apple-mobile-web-app-status-bar-style","content":"white"},{"name":"renderer","content":"webkit"},{"http-equiv":"X-UA-Compatible","content":"IE=edge,chrome=1"},{"name":"filetype","content":"1"},{"name":"publishedtype","content":"1"},{"name":"pagetype","content":"2"},{"name":"screen-orientation","content":"landscape"},{"name":"x5-orientation","content":"landscape"},{"name":"full-screen","content":"yes"},{"name":"x5-fullscreen","content":"true"},{"name":"browsermode","content":"application"},{"name":"x5-page-mode","content":"app"}]
[2019-12-05T08:58:38.265] [INFO] default - 开始处理模块: home
[2019-12-05T08:58:38.278] [INFO] default - 开始处理模块: topBar
[2019-12-05T08:58:38.278] [DEBUG] default - 使用文件缓存:D:\work\网上群众工作会议\owo_modules\7c776025c29680036680cb22a13e2868.owo
[2019-12-05T08:58:38.282] [DEBUG] default - 缓存模板: topBarhttps://owo.ink/public/6b0b9997573040ed3cc6230f3891f322.page
[2019-12-05T08:58:38.284] [DEBUG] default - 模块topBar处理用时: 7 毫秒!
[2019-12-05T08:58:38.284] [DEBUG] default - 缓存模板: home./src/page/home.owo
[2019-12-05T08:58:38.285] [DEBUG] default - 页面home处理用时: 19 毫秒!
[2019-12-05T08:58:38.285] [DEBUG] default - css中的资源处理完毕!
[2019-12-05T08:58:38.285] [DEBUG] default - 使用postcss处理样式，使用了1个插件!
[2019-12-05T08:58:38.287] [INFO] default - 处理字体: {}
[2019-12-05T08:58:38.287] [INFO] default - 使用postcss处理完毕! 用时: 2 毫秒
[2019-12-05T08:58:38.287] [INFO] default - 正在处理script!
[2019-12-05T08:58:38.288] [DEBUG] default - 选择将js合并到html中!
[2019-12-05T08:58:38.297] [INFO] default - 工程中只有一个页面!
[2019-12-05T08:58:38.297] [INFO] default - js中的资源处理完毕!
[2019-12-05T08:58:38.297] [DEBUG] default - 处理引用脚本: [{"name":"jquery1.11.0","src":"http://tools.people.com.cn/libs/jquery/1.11.1/jquery-1.11.1.min.js"},{"name":"idangerous.swiper2.7.0","src":"http://tools.people.com.cn/libs/swiper/2.0/idangerous.swiper.min.js"},{"name":"main","src":"./src/main.js","resource":true}]
[2019-12-05T08:58:38.297] [DEBUG] default - 外部脚本数量: 3
[2019-12-05T08:58:38.297] [DEBUG] default - 处理脚本: jquery1.11.0
[2019-12-05T08:58:38.298] [DEBUG] default - 网络脚本: jquery1.11.0
[2019-12-05T08:58:38.298] [DEBUG] default - 处理脚本: idangerous.swiper2.7.0
[2019-12-05T08:58:38.298] [DEBUG] default - 网络脚本: idangerous.swiper2.7.0
[2019-12-05T08:58:38.298] [DEBUG] default - 处理脚本: main
[2019-12-05T08:58:38.298] [INFO] default - 读取文件: D:\work\网上群众工作会议\src\main.js
[2019-12-05T08:58:38.298] [DEBUG] default - 输出scriptData
[2019-12-05T08:58:38.298] [DEBUG] default - 准备输出html!
[2019-12-05T08:58:38.298] [DEBUG] default - 处理资源:  [ 'D:/work/网上群众工作会议/src/resource/bg.jpg' ]
[2019-12-05T08:58:38.310] [DEBUG] default - 资源目录:  D:/work/网上群众工作会议/dist/static/resource
[2019-12-05T08:58:38.316] [DEBUG] default - 页面中不包含切换动画!
[2019-12-05T08:58:38.317] [INFO] default - 编译结束!
[2019-12-05T08:58:38.319] [INFO] default - 发送页面需要刷新命令!
[2019-12-05T08:58:38.324] [INFO] default - 写入文件: D:\work\网上群众工作会议\dist\static\css\owo.main.css
[2019-12-05T08:58:38.325] [INFO] default - 读取成功: D:\work\网上群众工作会议\src\main.js
[2019-12-05T08:58:38.325] [INFO] default - 主要逻辑文件写出成功!
[2019-12-05T08:58:38.326] [INFO] default - 写入文件: D:\work\网上群众工作会议\dist\static\js\main.js
[2019-12-05T09:00:20.177] [INFO] default - file change: D:\work\网上群众工作会议\src\page\home.owo
[2019-12-05T09:00:20.177] [INFO] default - --------------------------- 开始编译 ---------------------------
[2019-12-05T09:00:20.177] [INFO] default - 程序运行目录: D:\work\网上群众工作会议
[2019-12-05T09:00:20.177] [INFO] default - 刷新模式,变化目录: D:\work\网上群众工作会议\src\page\home.owo
[2019-12-05T09:00:20.177] [INFO] default - 读取模板文件: C:\Users\PG\Documents\GitHub\PG\lib\index.html
[2019-12-05T09:00:20.177] [DEBUG] default - 读取网页标题: {TAG_14226_TAG}
[2019-12-05T09:00:20.178] [DEBUG] default - 处理页面源信息: [{"http-equiv":"content-type","content":"text/html; charset=UTF-8"},{"name":"viewport","content":"width=1200, user-scalable=no"},{"name":"format-detection","content":"telephone=no, email=no"},{"name":"apple-mobile-web-app-capable","content":"yes"},{"name":"apple-mobile-web-app-status-bar-style","content":"white"},{"name":"renderer","content":"webkit"},{"http-equiv":"X-UA-Compatible","content":"IE=edge,chrome=1"},{"name":"filetype","content":"1"},{"name":"publishedtype","content":"1"},{"name":"pagetype","content":"2"},{"name":"screen-orientation","content":"landscape"},{"name":"x5-orientation","content":"landscape"},{"name":"full-screen","content":"yes"},{"name":"x5-fullscreen","content":"true"},{"name":"browsermode","content":"application"},{"name":"x5-page-mode","content":"app"}]
[2019-12-05T09:00:20.178] [INFO] default - 开始处理模块: home
[2019-12-05T09:00:20.204] [INFO] default - 开始处理模块: topBar
[2019-12-05T09:00:20.205] [DEBUG] default - 使用文件缓存:D:\work\网上群众工作会议\owo_modules\7c776025c29680036680cb22a13e2868.owo
[2019-12-05T09:00:20.211] [DEBUG] default - 缓存模板: topBarhttps://owo.ink/public/6b0b9997573040ed3cc6230f3891f322.page
[2019-12-05T09:00:20.213] [DEBUG] default - 模块topBar处理用时: 9 毫秒!
[2019-12-05T09:00:20.214] [DEBUG] default - 缓存模板: home./src/page/home.owo
[2019-12-05T09:00:20.220] [DEBUG] default - 页面home处理用时: 42 毫秒!
[2019-12-05T09:00:20.221] [DEBUG] default - css中的资源处理完毕!
[2019-12-05T09:00:20.221] [DEBUG] default - 使用postcss处理样式，使用了1个插件!
[2019-12-05T09:00:20.225] [INFO] default - 处理字体: {}
[2019-12-05T09:00:20.226] [INFO] default - 使用postcss处理完毕! 用时: 5 毫秒
[2019-12-05T09:00:20.227] [INFO] default - 正在处理script!
[2019-12-05T09:00:20.228] [DEBUG] default - 选择将js合并到html中!
[2019-12-05T09:00:20.237] [INFO] default - 工程中只有一个页面!
[2019-12-05T09:00:20.237] [INFO] default - js中的资源处理完毕!
[2019-12-05T09:00:20.237] [DEBUG] default - 处理引用脚本: [{"name":"jquery1.11.0","src":"http://tools.people.com.cn/libs/jquery/1.11.1/jquery-1.11.1.min.js"},{"name":"idangerous.swiper2.7.0","src":"http://tools.people.com.cn/libs/swiper/2.0/idangerous.swiper.min.js"},{"name":"main","src":"./src/main.js","resource":true}]
[2019-12-05T09:00:20.237] [DEBUG] default - 外部脚本数量: 3
[2019-12-05T09:00:20.237] [DEBUG] default - 处理脚本: jquery1.11.0
[2019-12-05T09:00:20.237] [DEBUG] default - 网络脚本: jquery1.11.0
[2019-12-05T09:00:20.237] [DEBUG] default - 处理脚本: idangerous.swiper2.7.0
[2019-12-05T09:00:20.237] [DEBUG] default - 网络脚本: idangerous.swiper2.7.0
[2019-12-05T09:00:20.237] [DEBUG] default - 处理脚本: main
[2019-12-05T09:00:20.237] [INFO] default - 读取文件: D:\work\网上群众工作会议\src\main.js
[2019-12-05T09:00:20.237] [DEBUG] default - 输出scriptData
[2019-12-05T09:00:20.238] [DEBUG] default - 准备输出html!
[2019-12-05T09:00:20.238] [DEBUG] default - 忽略文件: D:/work/网上群众工作会议/src/resource/bg.jpg
[2019-12-05T09:00:20.239] [DEBUG] default - 页面中不包含切换动画!
[2019-12-05T09:00:20.239] [INFO] default - 编译结束!
[2019-12-05T09:00:20.240] [INFO] default - 发送页面需要刷新命令!
[2019-12-05T09:00:20.241] [INFO] default - 读取成功: D:\work\网上群众工作会议\src\main.js
[2019-12-05T09:00:20.241] [INFO] default - 写入文件: D:\work\网上群众工作会议\dist\static\css\owo.main.css
[2019-12-05T09:00:20.241] [INFO] default - 主要逻辑文件写出成功!
[2019-12-05T09:00:20.241] [INFO] default - 写入文件: D:\work\网上群众工作会议\dist\static\js\main.js
[2019-12-05T09:03:54.736] [INFO] default - file change: D:\work\网上群众工作会议\src\page\home.owo
[2019-12-05T09:03:54.736] [INFO] default - --------------------------- 开始编译 ---------------------------
[2019-12-05T09:03:54.736] [INFO] default - 程序运行目录: D:\work\网上群众工作会议
[2019-12-05T09:03:54.736] [INFO] default - 刷新模式,变化目录: D:\work\网上群众工作会议\src\page\home.owo
[2019-12-05T09:03:54.736] [INFO] default - 读取模板文件: C:\Users\PG\Documents\GitHub\PG\lib\index.html
[2019-12-05T09:03:54.736] [DEBUG] default - 读取网页标题: {TAG_14226_TAG}
[2019-12-05T09:03:54.736] [DEBUG] default - 处理页面源信息: [{"http-equiv":"content-type","content":"text/html; charset=UTF-8"},{"name":"viewport","content":"width=1200, user-scalable=no"},{"name":"format-detection","content":"telephone=no, email=no"},{"name":"apple-mobile-web-app-capable","content":"yes"},{"name":"apple-mobile-web-app-status-bar-style","content":"white"},{"name":"renderer","content":"webkit"},{"http-equiv":"X-UA-Compatible","content":"IE=edge,chrome=1"},{"name":"filetype","content":"1"},{"name":"publishedtype","content":"1"},{"name":"pagetype","content":"2"},{"name":"screen-orientation","content":"landscape"},{"name":"x5-orientation","content":"landscape"},{"name":"full-screen","content":"yes"},{"name":"x5-fullscreen","content":"true"},{"name":"browsermode","content":"application"},{"name":"x5-page-mode","content":"app"}]
[2019-12-05T09:03:54.737] [INFO] default - 开始处理模块: home
[2019-12-05T09:03:54.749] [INFO] default - 开始处理模块: topBar
[2019-12-05T09:03:54.749] [DEBUG] default - 使用文件缓存:D:\work\网上群众工作会议\owo_modules\7c776025c29680036680cb22a13e2868.owo
[2019-12-05T09:03:54.760] [DEBUG] default - 缓存模板: topBarhttps://owo.ink/public/6b0b9997573040ed3cc6230f3891f322.page
[2019-12-05T09:03:54.762] [DEBUG] default - 模块topBar处理用时: 13 毫秒!
[2019-12-05T09:03:54.762] [INFO] default - 开始处理模块: 44V6SpMv
[2019-12-05T09:03:54.762] [DEBUG] default - 开始获取网络模板:https://owo.ink/public/768b4275a72dc473fadab7f4c74bb3f9.page
[2019-12-05T09:03:55.772] [DEBUG] default - 缓存模板: 44V6SpMvhttps://owo.ink/public/768b4275a72dc473fadab7f4c74bb3f9.page
[2019-12-05T09:03:55.790] [DEBUG] default - 模块44V6SpMv处理用时: 1028 毫秒!
[2019-12-05T09:03:55.791] [DEBUG] default - 缓存模板: home./src/page/home.owo
[2019-12-05T09:03:55.792] [DEBUG] default - 页面home处理用时: 1055 毫秒!
[2019-12-05T09:03:55.815] [DEBUG] default - css中的资源处理完毕!
[2019-12-05T09:03:55.815] [DEBUG] default - 使用postcss处理样式，使用了1个插件!
[2019-12-05T09:03:55.818] [INFO] default - 处理字体: {}
[2019-12-05T09:03:55.820] [INFO] default - 使用postcss处理完毕! 用时: 5 毫秒
[2019-12-05T09:03:55.820] [INFO] default - 正在处理script!
[2019-12-05T09:03:55.826] [DEBUG] default - 选择将js合并到html中!
[2019-12-05T09:03:56.007] [INFO] default - 工程中只有一个页面!
[2019-12-05T09:03:56.007] [INFO] default - js中的资源处理完毕!
[2019-12-05T09:03:56.008] [DEBUG] default - 处理引用脚本: [{"name":"jquery1.11.0","src":"http://tools.people.com.cn/libs/jquery/1.11.1/jquery-1.11.1.min.js"},{"name":"idangerous.swiper2.7.0","src":"http://tools.people.com.cn/libs/swiper/2.0/idangerous.swiper.min.js"},{"name":"main","src":"./src/main.js","resource":true}]
[2019-12-05T09:03:56.008] [DEBUG] default - 外部脚本数量: 3
[2019-12-05T09:03:56.008] [DEBUG] default - 处理脚本: jquery1.11.0
[2019-12-05T09:03:56.008] [DEBUG] default - 网络脚本: jquery1.11.0
[2019-12-05T09:03:56.008] [DEBUG] default - 处理脚本: idangerous.swiper2.7.0
[2019-12-05T09:03:56.008] [DEBUG] default - 网络脚本: idangerous.swiper2.7.0
[2019-12-05T09:03:56.008] [DEBUG] default - 处理脚本: main
[2019-12-05T09:03:56.008] [INFO] default - 读取文件: D:\work\网上群众工作会议\src\main.js
[2019-12-05T09:03:56.008] [DEBUG] default - 输出scriptData
[2019-12-05T09:03:56.014] [DEBUG] default - 准备输出html!
[2019-12-05T09:03:56.014] [DEBUG] default - 忽略文件: D:/work/网上群众工作会议/src/resource/bg.jpg
[2019-12-05T09:03:56.017] [DEBUG] default - 页面中不包含切换动画!
[2019-12-05T09:03:56.033] [INFO] default - 编译结束!
[2019-12-05T09:03:56.034] [INFO] default - 发送页面需要刷新命令!
[2019-12-05T09:03:56.036] [INFO] default - 写入文件: D:\work\网上群众工作会议\dist\static\css\owo.main.css
[2019-12-05T09:03:56.036] [INFO] default - 主要逻辑文件写出成功!
[2019-12-05T09:03:56.037] [INFO] default - 读取成功: D:\work\网上群众工作会议\src\main.js
[2019-12-05T09:03:56.037] [INFO] default - 写入文件: D:\work\网上群众工作会议\dist\static\js\main.js
[2019-12-05T09:04:37.677] [INFO] default - file change: owo_modules\050cbe5906aaf8a8502629b383c1c7f3.owo
[2019-12-05T09:04:37.677] [INFO] default - --------------------------- 开始编译 ---------------------------
[2019-12-05T09:04:37.677] [INFO] default - 程序运行目录: D:\work\网上群众工作会议
[2019-12-05T09:04:37.677] [INFO] default - 刷新模式,变化目录: owo_modules\050cbe5906aaf8a8502629b383c1c7f3.owo
[2019-12-05T09:04:37.677] [INFO] default - 读取模板文件: C:\Users\PG\Documents\GitHub\PG\lib\index.html
[2019-12-05T09:04:37.677] [DEBUG] default - 读取网页标题: {TAG_14226_TAG}
[2019-12-05T09:04:37.677] [DEBUG] default - 处理页面源信息: [{"http-equiv":"content-type","content":"text/html; charset=UTF-8"},{"name":"viewport","content":"width=1200, user-scalable=no"},{"name":"format-detection","content":"telephone=no, email=no"},{"name":"apple-mobile-web-app-capable","content":"yes"},{"name":"apple-mobile-web-app-status-bar-style","content":"white"},{"name":"renderer","content":"webkit"},{"http-equiv":"X-UA-Compatible","content":"IE=edge,chrome=1"},{"name":"filetype","content":"1"},{"name":"publishedtype","content":"1"},{"name":"pagetype","content":"2"},{"name":"screen-orientation","content":"landscape"},{"name":"x5-orientation","content":"landscape"},{"name":"full-screen","content":"yes"},{"name":"x5-fullscreen","content":"true"},{"name":"browsermode","content":"application"},{"name":"x5-page-mode","content":"app"}]
[2019-12-05T09:04:37.677] [INFO] default - 开始处理模块: home
[2019-12-05T09:04:37.684] [INFO] default - 开始处理模块: topBar
[2019-12-05T09:04:37.684] [DEBUG] default - 使用文件缓存:D:\work\网上群众工作会议\owo_modules\7c776025c29680036680cb22a13e2868.owo
[2019-12-05T09:04:37.688] [DEBUG] default - 缓存模板: topBarhttps://owo.ink/public/6b0b9997573040ed3cc6230f3891f322.page
[2019-12-05T09:04:37.689] [DEBUG] default - 模块topBar处理用时: 5 毫秒!
[2019-12-05T09:04:37.689] [INFO] default - 开始处理模块: 44V6SpMv
[2019-12-05T09:04:37.689] [DEBUG] default - 使用文件缓存:D:\work\网上群众工作会议\owo_modules\050cbe5906aaf8a8502629b383c1c7f3.owo
[2019-12-05T09:04:37.696] [DEBUG] default - 缓存模板: 44V6SpMvhttps://owo.ink/public/768b4275a72dc473fadab7f4c74bb3f9.page
[2019-12-05T09:04:37.705] [DEBUG] default - 模块44V6SpMv处理用时: 16 毫秒!
[2019-12-05T09:04:37.706] [DEBUG] default - 缓存模板: home./src/page/home.owo
[2019-12-05T09:04:37.707] [DEBUG] default - 页面home处理用时: 30 毫秒!
[2019-12-05T09:04:37.707] [DEBUG] default - css中的资源处理完毕!
[2019-12-05T09:04:37.707] [DEBUG] default - 使用postcss处理样式，使用了1个插件!
[2019-12-05T09:04:37.710] [INFO] default - 处理字体: {}
[2019-12-05T09:04:37.711] [INFO] default - 使用postcss处理完毕! 用时: 4 毫秒
[2019-12-05T09:04:37.711] [INFO] default - 正在处理script!
[2019-12-05T09:04:37.712] [DEBUG] default - 选择将js合并到html中!
[2019-12-05T09:04:37.735] [INFO] default - 工程中只有一个页面!
[2019-12-05T09:04:37.736] [INFO] default - js中的资源处理完毕!
[2019-12-05T09:04:37.736] [DEBUG] default - 处理引用脚本: [{"name":"jquery1.11.0","src":"http://tools.people.com.cn/libs/jquery/1.11.1/jquery-1.11.1.min.js"},{"name":"idangerous.swiper2.7.0","src":"http://tools.people.com.cn/libs/swiper/2.0/idangerous.swiper.min.js"},{"name":"main","src":"./src/main.js","resource":true}]
[2019-12-05T09:04:37.736] [DEBUG] default - 外部脚本数量: 3
[2019-12-05T09:04:37.736] [DEBUG] default - 处理脚本: jquery1.11.0
[2019-12-05T09:04:37.736] [DEBUG] default - 网络脚本: jquery1.11.0
[2019-12-05T09:04:37.736] [DEBUG] default - 处理脚本: idangerous.swiper2.7.0
[2019-12-05T09:04:37.736] [DEBUG] default - 网络脚本: idangerous.swiper2.7.0
[2019-12-05T09:04:37.736] [DEBUG] default - 处理脚本: main
[2019-12-05T09:04:37.736] [INFO] default - 读取文件: D:\work\网上群众工作会议\src\main.js
[2019-12-05T09:04:37.736] [DEBUG] default - 输出scriptData
[2019-12-05T09:04:37.736] [DEBUG] default - 准备输出html!
[2019-12-05T09:04:37.736] [DEBUG] default - 忽略文件: D:/work/网上群众工作会议/src/resource/bg.jpg
[2019-12-05T09:04:37.737] [DEBUG] default - 页面中不包含切换动画!
[2019-12-05T09:04:37.738] [INFO] default - 编译结束!
[2019-12-05T09:04:37.739] [INFO] default - 发送页面需要刷新命令!
[2019-12-05T09:04:37.754] [INFO] default - 写入文件: D:\work\网上群众工作会议\dist\static\css\owo.main.css
[2019-12-05T09:04:37.754] [INFO] default - 主要逻辑文件写出成功!
[2019-12-05T09:04:37.754] [INFO] default - 读取成功: D:\work\网上群众工作会议\src\main.js
[2019-12-05T09:04:37.769] [INFO] default - 写入文件: D:\work\网上群众工作会议\dist\static\js\main.js
[2019-12-05T09:05:00.875] [INFO] default - file change: owo_modules\050cbe5906aaf8a8502629b383c1c7f3.owo
[2019-12-05T09:05:00.875] [INFO] default - --------------------------- 开始编译 ---------------------------
[2019-12-05T09:05:00.875] [INFO] default - 程序运行目录: D:\work\网上群众工作会议
[2019-12-05T09:05:00.875] [INFO] default - 刷新模式,变化目录: owo_modules\050cbe5906aaf8a8502629b383c1c7f3.owo
[2019-12-05T09:05:00.875] [INFO] default - 读取模板文件: C:\Users\PG\Documents\GitHub\PG\lib\index.html
[2019-12-05T09:05:00.875] [DEBUG] default - 读取网页标题: {TAG_14226_TAG}
[2019-12-05T09:05:00.875] [DEBUG] default - 处理页面源信息: [{"http-equiv":"content-type","content":"text/html; charset=UTF-8"},{"name":"viewport","content":"width=1200, user-scalable=no"},{"name":"format-detection","content":"telephone=no, email=no"},{"name":"apple-mobile-web-app-capable","content":"yes"},{"name":"apple-mobile-web-app-status-bar-style","content":"white"},{"name":"renderer","content":"webkit"},{"http-equiv":"X-UA-Compatible","content":"IE=edge,chrome=1"},{"name":"filetype","content":"1"},{"name":"publishedtype","content":"1"},{"name":"pagetype","content":"2"},{"name":"screen-orientation","content":"landscape"},{"name":"x5-orientation","content":"landscape"},{"name":"full-screen","content":"yes"},{"name":"x5-fullscreen","content":"true"},{"name":"browsermode","content":"application"},{"name":"x5-page-mode","content":"app"}]
[2019-12-05T09:05:00.876] [INFO] default - 开始处理模块: home
[2019-12-05T09:05:00.887] [INFO] default - 开始处理模块: topBar
[2019-12-05T09:05:00.887] [DEBUG] default - 使用文件缓存:D:\work\网上群众工作会议\owo_modules\7c776025c29680036680cb22a13e2868.owo
[2019-12-05T09:05:00.892] [DEBUG] default - 缓存模板: topBarhttps://owo.ink/public/6b0b9997573040ed3cc6230f3891f322.page
[2019-12-05T09:05:00.893] [DEBUG] default - 模块topBar处理用时: 6 毫秒!
[2019-12-05T09:05:00.894] [INFO] default - 开始处理模块: 44V6SpMv
[2019-12-05T09:05:00.894] [DEBUG] default - 使用文件缓存:D:\work\网上群众工作会议\owo_modules\050cbe5906aaf8a8502629b383c1c7f3.owo
[2019-12-05T09:05:00.900] [DEBUG] default - 缓存模板: 44V6SpMvhttps://owo.ink/public/768b4275a72dc473fadab7f4c74bb3f9.page
[2019-12-05T09:05:00.910] [DEBUG] default - 模块44V6SpMv处理用时: 16 毫秒!
[2019-12-05T09:05:00.910] [DEBUG] default - 缓存模板: home./src/page/home.owo
[2019-12-05T09:05:00.911] [DEBUG] default - 页面home处理用时: 35 毫秒!
[2019-12-05T09:05:00.911] [DEBUG] default - css中的资源处理完毕!
[2019-12-05T09:05:00.911] [DEBUG] default - 使用postcss处理样式，使用了1个插件!
[2019-12-05T09:05:00.918] [INFO] default - 处理字体: {}
[2019-12-05T09:05:00.919] [INFO] default - 使用postcss处理完毕! 用时: 8 毫秒
[2019-12-05T09:05:00.919] [INFO] default - 正在处理script!
[2019-12-05T09:05:00.920] [DEBUG] default - 选择将js合并到html中!
[2019-12-05T09:05:00.950] [INFO] default - 工程中只有一个页面!
[2019-12-05T09:05:00.951] [INFO] default - js中的资源处理完毕!
[2019-12-05T09:05:00.951] [DEBUG] default - 处理引用脚本: [{"name":"jquery1.11.0","src":"http://tools.people.com.cn/libs/jquery/1.11.1/jquery-1.11.1.min.js"},{"name":"idangerous.swiper2.7.0","src":"http://tools.people.com.cn/libs/swiper/2.0/idangerous.swiper.min.js"},{"name":"main","src":"./src/main.js","resource":true}]
[2019-12-05T09:05:00.951] [DEBUG] default - 外部脚本数量: 3
[2019-12-05T09:05:00.951] [DEBUG] default - 处理脚本: jquery1.11.0
[2019-12-05T09:05:00.951] [DEBUG] default - 网络脚本: jquery1.11.0
[2019-12-05T09:05:00.951] [DEBUG] default - 处理脚本: idangerous.swiper2.7.0
[2019-12-05T09:05:00.951] [DEBUG] default - 网络脚本: idangerous.swiper2.7.0
[2019-12-05T09:05:00.951] [DEBUG] default - 处理脚本: main
[2019-12-05T09:05:00.951] [INFO] default - 读取文件: D:\work\网上群众工作会议\src\main.js
[2019-12-05T09:05:00.951] [DEBUG] default - 输出scriptData
[2019-12-05T09:05:00.951] [DEBUG] default - 准备输出html!
[2019-12-05T09:05:00.951] [DEBUG] default - 忽略文件: D:/work/网上群众工作会议/src/resource/bg.jpg
[2019-12-05T09:05:00.953] [DEBUG] default - 页面中不包含切换动画!
[2019-12-05T09:05:00.954] [INFO] default - 编译结束!
[2019-12-05T09:05:00.954] [INFO] default - 发送页面需要刷新命令!
[2019-12-05T09:05:00.955] [INFO] default - 写入文件: D:\work\网上群众工作会议\dist\static\css\owo.main.css
[2019-12-05T09:05:00.955] [INFO] default - 读取成功: D:\work\网上群众工作会议\src\main.js
[2019-12-05T09:05:00.955] [INFO] default - 主要逻辑文件写出成功!
[2019-12-05T09:05:00.956] [INFO] default - 写入文件: D:\work\网上群众工作会议\dist\static\js\main.js
[2019-12-05T09:07:38.116] [INFO] default - file change: D:\work\网上群众工作会议\src\page\home.owo
[2019-12-05T09:07:38.116] [INFO] default - --------------------------- 开始编译 ---------------------------
[2019-12-05T09:07:38.116] [INFO] default - 程序运行目录: D:\work\网上群众工作会议
[2019-12-05T09:07:38.117] [INFO] default - 刷新模式,变化目录: D:\work\网上群众工作会议\src\page\home.owo
[2019-12-05T09:07:38.117] [INFO] default - 读取模板文件: C:\Users\PG\Documents\GitHub\PG\lib\index.html
[2019-12-05T09:07:38.117] [DEBUG] default - 读取网页标题: {TAG_14226_TAG}
[2019-12-05T09:07:38.117] [DEBUG] default - 处理页面源信息: [{"http-equiv":"content-type","content":"text/html; charset=UTF-8"},{"name":"viewport","content":"width=1200, user-scalable=no"},{"name":"format-detection","content":"telephone=no, email=no"},{"name":"apple-mobile-web-app-capable","content":"yes"},{"name":"apple-mobile-web-app-status-bar-style","content":"white"},{"name":"renderer","content":"webkit"},{"http-equiv":"X-UA-Compatible","content":"IE=edge,chrome=1"},{"name":"filetype","content":"1"},{"name":"publishedtype","content":"1"},{"name":"pagetype","content":"2"},{"name":"screen-orientation","content":"landscape"},{"name":"x5-orientation","content":"landscape"},{"name":"full-screen","content":"yes"},{"name":"x5-fullscreen","content":"true"},{"name":"browsermode","content":"application"},{"name":"x5-page-mode","content":"app"}]
[2019-12-05T09:07:38.117] [INFO] default - 开始处理模块: home
[2019-12-05T09:07:38.135] [INFO] default - 开始处理模块: topBar
[2019-12-05T09:07:38.136] [DEBUG] default - 使用文件缓存:D:\work\网上群众工作会议\owo_modules\7c776025c29680036680cb22a13e2868.owo
[2019-12-05T09:07:38.140] [DEBUG] default - 缓存模板: topBarhttps://owo.ink/public/6b0b9997573040ed3cc6230f3891f322.page
[2019-12-05T09:07:38.142] [DEBUG] default - 模块topBar处理用时: 7 毫秒!
[2019-12-05T09:07:38.142] [INFO] default - 开始处理模块: 44V6SpMv
[2019-12-05T09:07:38.142] [DEBUG] default - 开始获取网络模板:https://owo.ink/public/9ae01844f597efedc55577b6ea9004d6.page
[2019-12-05T09:07:38.622] [DEBUG] default - 缓存模板: 44V6SpMvhttps://owo.ink/public/9ae01844f597efedc55577b6ea9004d6.page
[2019-12-05T09:07:38.633] [DEBUG] default - 模块44V6SpMv处理用时: 491 毫秒!
[2019-12-05T09:07:38.634] [DEBUG] default - 缓存模板: home./src/page/home.owo
[2019-12-05T09:07:38.635] [DEBUG] default - 页面home处理用时: 518 毫秒!
[2019-12-05T09:07:38.636] [DEBUG] default - css中的资源处理完毕!
[2019-12-05T09:07:38.636] [DEBUG] default - 使用postcss处理样式，使用了1个插件!
[2019-12-05T09:07:38.638] [INFO] default - 处理字体: {}
[2019-12-05T09:07:38.639] [INFO] default - 使用postcss处理完毕! 用时: 3 毫秒
[2019-12-05T09:07:38.639] [INFO] default - 正在处理script!
[2019-12-05T09:07:38.640] [DEBUG] default - 选择将js合并到html中!
[2019-12-05T09:07:38.663] [INFO] default - 工程中只有一个页面!
[2019-12-05T09:07:38.664] [INFO] default - js中的资源处理完毕!
[2019-12-05T09:07:38.664] [DEBUG] default - 处理引用脚本: [{"name":"jquery1.11.0","src":"http://tools.people.com.cn/libs/jquery/1.11.1/jquery-1.11.1.min.js"},{"name":"idangerous.swiper2.7.0","src":"http://tools.people.com.cn/libs/swiper/2.0/idangerous.swiper.min.js"},{"name":"main","src":"./src/main.js","resource":true}]
[2019-12-05T09:07:38.664] [DEBUG] default - 外部脚本数量: 3
[2019-12-05T09:07:38.664] [DEBUG] default - 处理脚本: jquery1.11.0
[2019-12-05T09:07:38.664] [DEBUG] default - 网络脚本: jquery1.11.0
[2019-12-05T09:07:38.664] [DEBUG] default - 处理脚本: idangerous.swiper2.7.0
[2019-12-05T09:07:38.664] [DEBUG] default - 网络脚本: idangerous.swiper2.7.0
[2019-12-05T09:07:38.664] [DEBUG] default - 处理脚本: main
[2019-12-05T09:07:38.664] [INFO] default - 读取文件: D:\work\网上群众工作会议\src\main.js
[2019-12-05T09:07:38.664] [DEBUG] default - 输出scriptData
[2019-12-05T09:07:38.664] [DEBUG] default - 准备输出html!
[2019-12-05T09:07:38.664] [DEBUG] default - 忽略文件: D:/work/网上群众工作会议/src/resource/bg.jpg
[2019-12-05T09:07:38.665] [DEBUG] default - 页面中不包含切换动画!
[2019-12-05T09:07:38.666] [INFO] default - 编译结束!
[2019-12-05T09:07:38.666] [INFO] default - 发送页面需要刷新命令!
[2019-12-05T09:07:38.668] [INFO] default - 写入文件: D:\work\网上群众工作会议\dist\static\css\owo.main.css
[2019-12-05T09:07:38.668] [INFO] default - 主要逻辑文件写出成功!
[2019-12-05T09:07:38.669] [INFO] default - 读取成功: D:\work\网上群众工作会议\src\main.js
[2019-12-05T09:07:38.670] [INFO] default - 写入文件: D:\work\网上群众工作会议\dist\static\js\main.js
[2019-12-05T09:08:42.625] [INFO] default - file change: D:\work\网上群众工作会议\src\page\home.owo
[2019-12-05T09:08:42.626] [INFO] default - --------------------------- 开始编译 ---------------------------
[2019-12-05T09:08:42.626] [INFO] default - 程序运行目录: D:\work\网上群众工作会议
[2019-12-05T09:08:42.626] [INFO] default - 刷新模式,变化目录: D:\work\网上群众工作会议\src\page\home.owo
[2019-12-05T09:08:42.626] [INFO] default - 读取模板文件: C:\Users\PG\Documents\GitHub\PG\lib\index.html
[2019-12-05T09:08:42.626] [DEBUG] default - 读取网页标题: {TAG_14226_TAG}
[2019-12-05T09:08:42.626] [DEBUG] default - 处理页面源信息: [{"http-equiv":"content-type","content":"text/html; charset=UTF-8"},{"name":"viewport","content":"width=1200, user-scalable=no"},{"name":"format-detection","content":"telephone=no, email=no"},{"name":"apple-mobile-web-app-capable","content":"yes"},{"name":"apple-mobile-web-app-status-bar-style","content":"white"},{"name":"renderer","content":"webkit"},{"http-equiv":"X-UA-Compatible","content":"IE=edge,chrome=1"},{"name":"filetype","content":"1"},{"name":"publishedtype","content":"1"},{"name":"pagetype","content":"2"},{"name":"screen-orientation","content":"landscape"},{"name":"x5-orientation","content":"landscape"},{"name":"full-screen","content":"yes"},{"name":"x5-fullscreen","content":"true"},{"name":"browsermode","content":"application"},{"name":"x5-page-mode","content":"app"}]
[2019-12-05T09:08:42.627] [INFO] default - 开始处理模块: home
[2019-12-05T09:08:42.635] [INFO] default - 开始处理模块: topBar
[2019-12-05T09:08:42.635] [DEBUG] default - 使用文件缓存:D:\work\网上群众工作会议\owo_modules\7c776025c29680036680cb22a13e2868.owo
[2019-12-05T09:08:42.637] [DEBUG] default - 缓存模板: topBarhttps://owo.ink/public/6b0b9997573040ed3cc6230f3891f322.page
[2019-12-05T09:08:42.638] [DEBUG] default - 模块topBar处理用时: 3 毫秒!
[2019-12-05T09:08:42.639] [INFO] default - 开始处理模块: 44V6SpMv
[2019-12-05T09:08:42.639] [DEBUG] default - 使用文件缓存:D:\work\网上群众工作会议\owo_modules\a7d6fba2076c71b6b9e983c9ae14301e.owo
[2019-12-05T09:08:42.644] [DEBUG] default - 缓存模板: 44V6SpMvhttps://owo.ink/public/9ae01844f597efedc55577b6ea9004d6.page
[2019-12-05T09:08:42.652] [DEBUG] default - 模块44V6SpMv处理用时: 13 毫秒!
[2019-12-05T09:08:42.653] [DEBUG] default - 缓存模板: home./src/page/home.owo
[2019-12-05T09:08:42.653] [DEBUG] default - 页面home处理用时: 26 毫秒!
[2019-12-05T09:08:42.654] [DEBUG] default - css中的资源处理完毕!
[2019-12-05T09:08:42.654] [DEBUG] default - 使用postcss处理样式，使用了1个插件!
[2019-12-05T09:08:42.656] [INFO] default - 处理字体: {}
[2019-12-05T09:08:42.658] [INFO] default - 使用postcss处理完毕! 用时: 4 毫秒
[2019-12-05T09:08:42.658] [INFO] default - 正在处理script!
[2019-12-05T09:08:42.659] [DEBUG] default - 选择将js合并到html中!
[2019-12-05T09:08:42.677] [INFO] default - 工程中只有一个页面!
[2019-12-05T09:08:42.678] [INFO] default - js中的资源处理完毕!
[2019-12-05T09:08:42.678] [DEBUG] default - 处理引用脚本: [{"name":"jquery1.11.0","src":"http://tools.people.com.cn/libs/jquery/1.11.1/jquery-1.11.1.min.js"},{"name":"idangerous.swiper2.7.0","src":"http://tools.people.com.cn/libs/swiper/2.0/idangerous.swiper.min.js"},{"name":"main","src":"./src/main.js","resource":true}]
[2019-12-05T09:08:42.678] [DEBUG] default - 外部脚本数量: 3
[2019-12-05T09:08:42.678] [DEBUG] default - 处理脚本: jquery1.11.0
[2019-12-05T09:08:42.678] [DEBUG] default - 网络脚本: jquery1.11.0
[2019-12-05T09:08:42.678] [DEBUG] default - 处理脚本: idangerous.swiper2.7.0
[2019-12-05T09:08:42.678] [DEBUG] default - 网络脚本: idangerous.swiper2.7.0
[2019-12-05T09:08:42.678] [DEBUG] default - 处理脚本: main
[2019-12-05T09:08:42.678] [INFO] default - 读取文件: D:\work\网上群众工作会议\src\main.js
[2019-12-05T09:08:42.679] [DEBUG] default - 输出scriptData
[2019-12-05T09:08:42.679] [DEBUG] default - 准备输出html!
[2019-12-05T09:08:42.680] [DEBUG] default - 忽略文件: D:/work/网上群众工作会议/src/resource/bg.jpg
[2019-12-05T09:08:42.681] [DEBUG] default - 页面中不包含切换动画!
[2019-12-05T09:08:42.681] [INFO] default - 编译结束!
[2019-12-05T09:08:42.682] [INFO] default - 发送页面需要刷新命令!
[2019-12-05T09:08:42.683] [INFO] default - 写入文件: D:\work\网上群众工作会议\dist\static\css\owo.main.css
[2019-12-05T09:08:42.683] [INFO] default - 读取成功: D:\work\网上群众工作会议\src\main.js
[2019-12-05T09:08:42.683] [INFO] default - 主要逻辑文件写出成功!
[2019-12-05T09:08:42.684] [INFO] default - 写入文件: D:\work\网上群众工作会议\dist\static\js\main.js
[2019-12-05T09:12:07.467] [INFO] default - file change: D:\work\网上群众工作会议\src\page\home.owo
[2019-12-05T09:12:07.467] [INFO] default - --------------------------- 开始编译 ---------------------------
[2019-12-05T09:12:07.467] [INFO] default - 程序运行目录: D:\work\网上群众工作会议
[2019-12-05T09:12:07.467] [INFO] default - 刷新模式,变化目录: D:\work\网上群众工作会议\src\page\home.owo
[2019-12-05T09:12:07.468] [INFO] default - 读取模板文件: C:\Users\PG\Documents\GitHub\PG\lib\index.html
[2019-12-05T09:12:07.468] [DEBUG] default - 读取网页标题: {TAG_14226_TAG}
[2019-12-05T09:12:07.468] [DEBUG] default - 处理页面源信息: [{"http-equiv":"content-type","content":"text/html; charset=UTF-8"},{"name":"viewport","content":"width=1200, user-scalable=no"},{"name":"format-detection","content":"telephone=no, email=no"},{"name":"apple-mobile-web-app-capable","content":"yes"},{"name":"apple-mobile-web-app-status-bar-style","content":"white"},{"name":"renderer","content":"webkit"},{"http-equiv":"X-UA-Compatible","content":"IE=edge,chrome=1"},{"name":"filetype","content":"1"},{"name":"publishedtype","content":"1"},{"name":"pagetype","content":"2"},{"name":"screen-orientation","content":"landscape"},{"name":"x5-orientation","content":"landscape"},{"name":"full-screen","content":"yes"},{"name":"x5-fullscreen","content":"true"},{"name":"browsermode","content":"application"},{"name":"x5-page-mode","content":"app"}]
[2019-12-05T09:12:07.468] [INFO] default - 开始处理模块: home
[2019-12-05T09:12:07.476] [INFO] default - 开始处理模块: topBar
[2019-12-05T09:12:07.476] [DEBUG] default - 使用文件缓存:D:\work\网上群众工作会议\owo_modules\7c776025c29680036680cb22a13e2868.owo
[2019-12-05T09:12:07.480] [DEBUG] default - 缓存模板: topBarhttps://owo.ink/public/6b0b9997573040ed3cc6230f3891f322.page
[2019-12-05T09:12:07.481] [DEBUG] default - 模块topBar处理用时: 5 毫秒!
[2019-12-05T09:12:07.481] [INFO] default - 开始处理模块: 44V6SpMv
[2019-12-05T09:12:07.481] [DEBUG] default - 使用文件缓存:D:\work\网上群众工作会议\owo_modules\a7d6fba2076c71b6b9e983c9ae14301e.owo
[2019-12-05T09:12:07.487] [DEBUG] default - 缓存模板: 44V6SpMvhttps://owo.ink/public/9ae01844f597efedc55577b6ea9004d6.page
[2019-12-05T09:12:07.495] [DEBUG] default - 模块44V6SpMv处理用时: 14 毫秒!
[2019-12-05T09:12:07.495] [DEBUG] default - 缓存模板: home./src/page/home.owo
[2019-12-05T09:12:07.497] [DEBUG] default - 页面home处理用时: 29 毫秒!
[2019-12-05T09:12:07.498] [DEBUG] default - css中的资源处理完毕!
[2019-12-05T09:12:07.498] [DEBUG] default - 使用postcss处理样式，使用了1个插件!
[2019-12-05T09:12:07.500] [INFO] default - 处理字体: {}
[2019-12-05T09:12:07.501] [INFO] default - 使用postcss处理完毕! 用时: 3 毫秒
[2019-12-05T09:12:07.501] [INFO] default - 正在处理script!
[2019-12-05T09:12:07.502] [DEBUG] default - 选择将js合并到html中!
[2019-12-05T09:12:07.524] [INFO] default - 工程中只有一个页面!
[2019-12-05T09:12:07.525] [INFO] default - js中的资源处理完毕!
[2019-12-05T09:12:07.525] [DEBUG] default - 处理引用脚本: [{"name":"jquery1.11.0","src":"http://tools.people.com.cn/libs/jquery/1.11.1/jquery-1.11.1.min.js"},{"name":"idangerous.swiper2.7.0","src":"http://tools.people.com.cn/libs/swiper/2.0/idangerous.swiper.min.js"},{"name":"main","src":"./src/main.js","resource":true}]
[2019-12-05T09:12:07.525] [DEBUG] default - 外部脚本数量: 3
[2019-12-05T09:12:07.525] [DEBUG] default - 处理脚本: jquery1.11.0
[2019-12-05T09:12:07.525] [DEBUG] default - 网络脚本: jquery1.11.0
[2019-12-05T09:12:07.525] [DEBUG] default - 处理脚本: idangerous.swiper2.7.0
[2019-12-05T09:12:07.525] [DEBUG] default - 网络脚本: idangerous.swiper2.7.0
[2019-12-05T09:12:07.525] [DEBUG] default - 处理脚本: main
[2019-12-05T09:12:07.525] [INFO] default - 读取文件: D:\work\网上群众工作会议\src\main.js
[2019-12-05T09:12:07.526] [DEBUG] default - 输出scriptData
[2019-12-05T09:12:07.526] [DEBUG] default - 准备输出html!
[2019-12-05T09:12:07.526] [DEBUG] default - 忽略文件: D:/work/网上群众工作会议/src/resource/bg.jpg
[2019-12-05T09:12:07.527] [DEBUG] default - 页面中不包含切换动画!
[2019-12-05T09:12:07.527] [INFO] default - 编译结束!
[2019-12-05T09:12:07.528] [INFO] default - 发送页面需要刷新命令!
[2019-12-05T09:12:07.529] [INFO] default - 写入文件: D:\work\网上群众工作会议\dist\static\css\owo.main.css
[2019-12-05T09:12:07.529] [INFO] default - 主要逻辑文件写出成功!
[2019-12-05T09:12:07.529] [INFO] default - 读取成功: D:\work\网上群众工作会议\src\main.js
[2019-12-05T09:12:07.530] [INFO] default - 写入文件: D:\work\网上群众工作会议\dist\static\js\main.js
[2019-12-05T09:18:56.258] [INFO] default - file change: owo_modules\a7d6fba2076c71b6b9e983c9ae14301e.owo
[2019-12-05T09:18:56.258] [INFO] default - --------------------------- 开始编译 ---------------------------
[2019-12-05T09:18:56.258] [INFO] default - 程序运行目录: D:\work\网上群众工作会议
[2019-12-05T09:18:56.258] [INFO] default - 刷新模式,变化目录: owo_modules\a7d6fba2076c71b6b9e983c9ae14301e.owo
[2019-12-05T09:18:56.258] [INFO] default - 读取模板文件: C:\Users\PG\Documents\GitHub\PG\lib\index.html
[2019-12-05T09:18:56.258] [DEBUG] default - 读取网页标题: {TAG_14226_TAG}
[2019-12-05T09:18:56.258] [DEBUG] default - 处理页面源信息: [{"http-equiv":"content-type","content":"text/html; charset=UTF-8"},{"name":"viewport","content":"width=1200, user-scalable=no"},{"name":"format-detection","content":"telephone=no, email=no"},{"name":"apple-mobile-web-app-capable","content":"yes"},{"name":"apple-mobile-web-app-status-bar-style","content":"white"},{"name":"renderer","content":"webkit"},{"http-equiv":"X-UA-Compatible","content":"IE=edge,chrome=1"},{"name":"filetype","content":"1"},{"name":"publishedtype","content":"1"},{"name":"pagetype","content":"2"},{"name":"screen-orientation","content":"landscape"},{"name":"x5-orientation","content":"landscape"},{"name":"full-screen","content":"yes"},{"name":"x5-fullscreen","content":"true"},{"name":"browsermode","content":"application"},{"name":"x5-page-mode","content":"app"}]
[2019-12-05T09:18:56.259] [INFO] default - 开始处理模块: home
[2019-12-05T09:18:56.265] [INFO] default - 开始处理模块: topBar
[2019-12-05T09:18:56.265] [DEBUG] default - 使用文件缓存:D:\work\网上群众工作会议\owo_modules\7c776025c29680036680cb22a13e2868.owo
[2019-12-05T09:18:56.268] [DEBUG] default - 缓存模板: topBarhttps://owo.ink/public/6b0b9997573040ed3cc6230f3891f322.page
[2019-12-05T09:18:56.269] [DEBUG] default - 模块topBar处理用时: 4 毫秒!
[2019-12-05T09:18:56.269] [INFO] default - 开始处理模块: 44V6SpMv
[2019-12-05T09:18:56.269] [DEBUG] default - 使用文件缓存:D:\work\网上群众工作会议\owo_modules\a7d6fba2076c71b6b9e983c9ae14301e.owo
[2019-12-05T09:18:56.276] [DEBUG] default - 缓存模板: 44V6SpMvhttps://owo.ink/public/9ae01844f597efedc55577b6ea9004d6.page
[2019-12-05T09:18:56.284] [DEBUG] default - 模块44V6SpMv处理用时: 15 毫秒!
[2019-12-05T09:18:56.285] [DEBUG] default - 缓存模板: home./src/page/home.owo
[2019-12-05T09:18:56.286] [DEBUG] default - 页面home处理用时: 27 毫秒!
[2019-12-05T09:18:56.286] [DEBUG] default - css中的资源处理完毕!
[2019-12-05T09:18:56.286] [DEBUG] default - 使用postcss处理样式，使用了1个插件!
[2019-12-05T09:18:56.289] [INFO] default - 处理字体: {}
[2019-12-05T09:18:56.290] [INFO] default - 使用postcss处理完毕! 用时: 4 毫秒
[2019-12-05T09:18:56.290] [INFO] default - 正在处理script!
[2019-12-05T09:18:56.291] [DEBUG] default - 选择将js合并到html中!
[2019-12-05T09:18:56.306] [INFO] default - 工程中只有一个页面!
[2019-12-05T09:18:56.307] [INFO] default - js中的资源处理完毕!
[2019-12-05T09:18:56.307] [DEBUG] default - 处理引用脚本: [{"name":"jquery1.11.0","src":"http://tools.people.com.cn/libs/jquery/1.11.1/jquery-1.11.1.min.js"},{"name":"idangerous.swiper2.7.0","src":"http://tools.people.com.cn/libs/swiper/2.0/idangerous.swiper.min.js"},{"name":"main","src":"./src/main.js","resource":true}]
[2019-12-05T09:18:56.307] [DEBUG] default - 外部脚本数量: 3
[2019-12-05T09:18:56.307] [DEBUG] default - 处理脚本: jquery1.11.0
[2019-12-05T09:18:56.307] [DEBUG] default - 网络脚本: jquery1.11.0
[2019-12-05T09:18:56.307] [DEBUG] default - 处理脚本: idangerous.swiper2.7.0
[2019-12-05T09:18:56.307] [DEBUG] default - 网络脚本: idangerous.swiper2.7.0
[2019-12-05T09:18:56.307] [DEBUG] default - 处理脚本: main
[2019-12-05T09:18:56.307] [INFO] default - 读取文件: D:\work\网上群众工作会议\src\main.js
[2019-12-05T09:18:56.307] [DEBUG] default - 输出scriptData
[2019-12-05T09:18:56.307] [DEBUG] default - 准备输出html!
[2019-12-05T09:18:56.307] [DEBUG] default - 忽略文件: D:/work/网上群众工作会议/src/resource/bg.jpg
[2019-12-05T09:18:56.308] [DEBUG] default - 页面中不包含切换动画!
[2019-12-05T09:18:56.309] [INFO] default - 编译结束!
[2019-12-05T09:18:56.310] [INFO] default - 发送页面需要刷新命令!
[2019-12-05T09:18:56.327] [INFO] default - 写入文件: D:\work\网上群众工作会议\dist\static\css\owo.main.css
[2019-12-05T09:18:56.327] [INFO] default - 主要逻辑文件写出成功!
[2019-12-05T09:18:56.327] [INFO] default - 读取成功: D:\work\网上群众工作会议\src\main.js
[2019-12-05T09:18:56.339] [INFO] default - 写入文件: D:\work\网上群众工作会议\dist\static\js\main.js
[2019-12-05T09:19:45.705] [INFO] default - file change: owo_modules\a7d6fba2076c71b6b9e983c9ae14301e.owo
[2019-12-05T09:19:45.705] [INFO] default - --------------------------- 开始编译 ---------------------------
[2019-12-05T09:19:45.705] [INFO] default - 程序运行目录: D:\work\网上群众工作会议
[2019-12-05T09:19:45.705] [INFO] default - 刷新模式,变化目录: owo_modules\a7d6fba2076c71b6b9e983c9ae14301e.owo
[2019-12-05T09:19:45.705] [INFO] default - 读取模板文件: C:\Users\PG\Documents\GitHub\PG\lib\index.html
[2019-12-05T09:19:45.705] [DEBUG] default - 读取网页标题: {TAG_14226_TAG}
[2019-12-05T09:19:45.705] [DEBUG] default - 处理页面源信息: [{"http-equiv":"content-type","content":"text/html; charset=UTF-8"},{"name":"viewport","content":"width=1200, user-scalable=no"},{"name":"format-detection","content":"telephone=no, email=no"},{"name":"apple-mobile-web-app-capable","content":"yes"},{"name":"apple-mobile-web-app-status-bar-style","content":"white"},{"name":"renderer","content":"webkit"},{"http-equiv":"X-UA-Compatible","content":"IE=edge,chrome=1"},{"name":"filetype","content":"1"},{"name":"publishedtype","content":"1"},{"name":"pagetype","content":"2"},{"name":"screen-orientation","content":"landscape"},{"name":"x5-orientation","content":"landscape"},{"name":"full-screen","content":"yes"},{"name":"x5-fullscreen","content":"true"},{"name":"browsermode","content":"application"},{"name":"x5-page-mode","content":"app"}]
[2019-12-05T09:19:45.705] [INFO] default - 开始处理模块: home
[2019-12-05T09:19:45.714] [INFO] default - 开始处理模块: topBar
[2019-12-05T09:19:45.714] [DEBUG] default - 使用文件缓存:D:\work\网上群众工作会议\owo_modules\7c776025c29680036680cb22a13e2868.owo
[2019-12-05T09:19:45.717] [DEBUG] default - 缓存模板: topBarhttps://owo.ink/public/6b0b9997573040ed3cc6230f3891f322.page
[2019-12-05T09:19:45.719] [DEBUG] default - 模块topBar处理用时: 5 毫秒!
[2019-12-05T09:19:45.719] [INFO] default - 开始处理模块: 44V6SpMv
[2019-12-05T09:19:45.719] [DEBUG] default - 使用文件缓存:D:\work\网上群众工作会议\owo_modules\a7d6fba2076c71b6b9e983c9ae14301e.owo
[2019-12-05T09:19:45.726] [DEBUG] default - 缓存模板: 44V6SpMvhttps://owo.ink/public/9ae01844f597efedc55577b6ea9004d6.page
[2019-12-05T09:19:45.736] [DEBUG] default - 模块44V6SpMv处理用时: 17 毫秒!
[2019-12-05T09:19:45.737] [DEBUG] default - 缓存模板: home./src/page/home.owo
[2019-12-05T09:19:45.738] [DEBUG] default - 页面home处理用时: 33 毫秒!
[2019-12-05T09:19:45.738] [DEBUG] default - css中的资源处理完毕!
[2019-12-05T09:19:45.738] [DEBUG] default - 使用postcss处理样式，使用了1个插件!
[2019-12-05T09:19:45.742] [INFO] default - 处理字体: {}
[2019-12-05T09:19:45.743] [INFO] default - 使用postcss处理完毕! 用时: 5 毫秒
[2019-12-05T09:19:45.743] [INFO] default - 正在处理script!
[2019-12-05T09:19:45.744] [DEBUG] default - 选择将js合并到html中!
[2019-12-05T09:19:45.762] [INFO] default - 工程中只有一个页面!
[2019-12-05T09:19:45.763] [INFO] default - js中的资源处理完毕!
[2019-12-05T09:19:45.763] [DEBUG] default - 处理引用脚本: [{"name":"jquery1.11.0","src":"http://tools.people.com.cn/libs/jquery/1.11.1/jquery-1.11.1.min.js"},{"name":"idangerous.swiper2.7.0","src":"http://tools.people.com.cn/libs/swiper/2.0/idangerous.swiper.min.js"},{"name":"main","src":"./src/main.js","resource":true}]
[2019-12-05T09:19:45.763] [DEBUG] default - 外部脚本数量: 3
[2019-12-05T09:19:45.763] [DEBUG] default - 处理脚本: jquery1.11.0
[2019-12-05T09:19:45.763] [DEBUG] default - 网络脚本: jquery1.11.0
[2019-12-05T09:19:45.763] [DEBUG] default - 处理脚本: idangerous.swiper2.7.0
[2019-12-05T09:19:45.763] [DEBUG] default - 网络脚本: idangerous.swiper2.7.0
[2019-12-05T09:19:45.763] [DEBUG] default - 处理脚本: main
[2019-12-05T09:19:45.763] [INFO] default - 读取文件: D:\work\网上群众工作会议\src\main.js
[2019-12-05T09:19:45.763] [DEBUG] default - 输出scriptData
[2019-12-05T09:19:45.763] [DEBUG] default - 准备输出html!
[2019-12-05T09:19:45.764] [DEBUG] default - 忽略文件: D:/work/网上群众工作会议/src/resource/bg.jpg
[2019-12-05T09:19:45.765] [DEBUG] default - 页面中不包含切换动画!
[2019-12-05T09:19:45.765] [INFO] default - 编译结束!
[2019-12-05T09:19:45.766] [INFO] default - 发送页面需要刷新命令!
[2019-12-05T09:19:45.766] [INFO] default - 读取成功: D:\work\网上群众工作会议\src\main.js
[2019-12-05T09:19:45.766] [INFO] default - 写入文件: D:\work\网上群众工作会议\dist\static\css\owo.main.css
[2019-12-05T09:19:45.766] [INFO] default - 主要逻辑文件写出成功!
[2019-12-05T09:19:45.767] [INFO] default - 写入文件: D:\work\网上群众工作会议\dist\static\js\main.js
[2019-12-05T09:22:20.587] [INFO] default - file change: owo_modules\a7d6fba2076c71b6b9e983c9ae14301e.owo
[2019-12-05T09:22:20.587] [INFO] default - --------------------------- 开始编译 ---------------------------
[2019-12-05T09:22:20.587] [INFO] default - 程序运行目录: D:\work\网上群众工作会议
[2019-12-05T09:22:20.587] [INFO] default - 刷新模式,变化目录: owo_modules\a7d6fba2076c71b6b9e983c9ae14301e.owo
[2019-12-05T09:22:20.587] [INFO] default - 读取模板文件: C:\Users\PG\Documents\GitHub\PG\lib\index.html
[2019-12-05T09:22:20.587] [DEBUG] default - 读取网页标题: {TAG_14226_TAG}
[2019-12-05T09:22:20.587] [DEBUG] default - 处理页面源信息: [{"http-equiv":"content-type","content":"text/html; charset=UTF-8"},{"name":"viewport","content":"width=1200, user-scalable=no"},{"name":"format-detection","content":"telephone=no, email=no"},{"name":"apple-mobile-web-app-capable","content":"yes"},{"name":"apple-mobile-web-app-status-bar-style","content":"white"},{"name":"renderer","content":"webkit"},{"http-equiv":"X-UA-Compatible","content":"IE=edge,chrome=1"},{"name":"filetype","content":"1"},{"name":"publishedtype","content":"1"},{"name":"pagetype","content":"2"},{"name":"screen-orientation","content":"landscape"},{"name":"x5-orientation","content":"landscape"},{"name":"full-screen","content":"yes"},{"name":"x5-fullscreen","content":"true"},{"name":"browsermode","content":"application"},{"name":"x5-page-mode","content":"app"}]
[2019-12-05T09:22:20.588] [INFO] default - 开始处理模块: home
[2019-12-05T09:22:20.597] [INFO] default - 开始处理模块: topBar
[2019-12-05T09:22:20.597] [DEBUG] default - 使用文件缓存:D:\work\网上群众工作会议\owo_modules\7c776025c29680036680cb22a13e2868.owo
[2019-12-05T09:22:20.599] [DEBUG] default - 缓存模板: topBarhttps://owo.ink/public/6b0b9997573040ed3cc6230f3891f322.page
[2019-12-05T09:22:20.600] [DEBUG] default - 模块topBar处理用时: 3 毫秒!
[2019-12-05T09:22:20.600] [INFO] default - 开始处理模块: 44V6SpMv
[2019-12-05T09:22:20.600] [DEBUG] default - 使用文件缓存:D:\work\网上群众工作会议\owo_modules\a7d6fba2076c71b6b9e983c9ae14301e.owo
[2019-12-05T09:22:20.607] [DEBUG] default - 缓存模板: 44V6SpMvhttps://owo.ink/public/9ae01844f597efedc55577b6ea9004d6.page
[2019-12-05T09:22:20.617] [DEBUG] default - 模块44V6SpMv处理用时: 17 毫秒!
[2019-12-05T09:22:20.617] [DEBUG] default - 缓存模板: home./src/page/home.owo
[2019-12-05T09:22:20.619] [DEBUG] default - 页面home处理用时: 31 毫秒!
[2019-12-05T09:22:20.619] [DEBUG] default - css中的资源处理完毕!
[2019-12-05T09:22:20.620] [DEBUG] default - 使用postcss处理样式，使用了1个插件!
[2019-12-05T09:22:20.623] [INFO] default - 处理字体: {}
[2019-12-05T09:22:20.624] [INFO] default - 使用postcss处理完毕! 用时: 4 毫秒
[2019-12-05T09:22:20.624] [INFO] default - 正在处理script!
[2019-12-05T09:22:20.626] [DEBUG] default - 选择将js合并到html中!
[2019-12-05T09:22:20.651] [INFO] default - 工程中只有一个页面!
[2019-12-05T09:22:20.652] [INFO] default - js中的资源处理完毕!
[2019-12-05T09:22:20.652] [DEBUG] default - 处理引用脚本: [{"name":"jquery1.11.0","src":"http://tools.people.com.cn/libs/jquery/1.11.1/jquery-1.11.1.min.js"},{"name":"idangerous.swiper2.7.0","src":"http://tools.people.com.cn/libs/swiper/2.0/idangerous.swiper.min.js"},{"name":"main","src":"./src/main.js","resource":true}]
[2019-12-05T09:22:20.652] [DEBUG] default - 外部脚本数量: 3
[2019-12-05T09:22:20.652] [DEBUG] default - 处理脚本: jquery1.11.0
[2019-12-05T09:22:20.652] [DEBUG] default - 网络脚本: jquery1.11.0
[2019-12-05T09:22:20.652] [DEBUG] default - 处理脚本: idangerous.swiper2.7.0
[2019-12-05T09:22:20.652] [DEBUG] default - 网络脚本: idangerous.swiper2.7.0
[2019-12-05T09:22:20.652] [DEBUG] default - 处理脚本: main
[2019-12-05T09:22:20.652] [INFO] default - 读取文件: D:\work\网上群众工作会议\src\main.js
[2019-12-05T09:22:20.652] [DEBUG] default - 输出scriptData
[2019-12-05T09:22:20.652] [DEBUG] default - 准备输出html!
[2019-12-05T09:22:20.653] [DEBUG] default - 忽略文件: D:/work/网上群众工作会议/src/resource/bg.jpg
[2019-12-05T09:22:20.654] [DEBUG] default - 页面中不包含切换动画!
[2019-12-05T09:22:20.655] [INFO] default - 编译结束!
[2019-12-05T09:22:20.656] [INFO] default - 发送页面需要刷新命令!
[2019-12-05T09:22:20.658] [INFO] default - 写入文件: D:\work\网上群众工作会议\dist\static\css\owo.main.css
[2019-12-05T09:22:20.659] [INFO] default - 读取成功: D:\work\网上群众工作会议\src\main.js
[2019-12-05T09:22:20.659] [INFO] default - 主要逻辑文件写出成功!
[2019-12-05T09:22:20.666] [INFO] default - 写入文件: D:\work\网上群众工作会议\dist\static\js\main.js
[2019-12-05T09:25:17.711] [INFO] default - file change: owo_modules\a7d6fba2076c71b6b9e983c9ae14301e.owo
[2019-12-05T09:25:17.711] [INFO] default - --------------------------- 开始编译 ---------------------------
[2019-12-05T09:25:17.711] [INFO] default - 程序运行目录: D:\work\网上群众工作会议
[2019-12-05T09:25:17.711] [INFO] default - 刷新模式,变化目录: owo_modules\a7d6fba2076c71b6b9e983c9ae14301e.owo
[2019-12-05T09:25:17.711] [INFO] default - 读取模板文件: C:\Users\PG\Documents\GitHub\PG\lib\index.html
[2019-12-05T09:25:17.711] [DEBUG] default - 读取网页标题: {TAG_14226_TAG}
[2019-12-05T09:25:17.711] [DEBUG] default - 处理页面源信息: [{"http-equiv":"content-type","content":"text/html; charset=UTF-8"},{"name":"viewport","content":"width=1200, user-scalable=no"},{"name":"format-detection","content":"telephone=no, email=no"},{"name":"apple-mobile-web-app-capable","content":"yes"},{"name":"apple-mobile-web-app-status-bar-style","content":"white"},{"name":"renderer","content":"webkit"},{"http-equiv":"X-UA-Compatible","content":"IE=edge,chrome=1"},{"name":"filetype","content":"1"},{"name":"publishedtype","content":"1"},{"name":"pagetype","content":"2"},{"name":"screen-orientation","content":"landscape"},{"name":"x5-orientation","content":"landscape"},{"name":"full-screen","content":"yes"},{"name":"x5-fullscreen","content":"true"},{"name":"browsermode","content":"application"},{"name":"x5-page-mode","content":"app"}]
[2019-12-05T09:25:17.712] [INFO] default - 开始处理模块: home
[2019-12-05T09:25:17.720] [INFO] default - 开始处理模块: topBar
[2019-12-05T09:25:17.720] [DEBUG] default - 使用文件缓存:D:\work\网上群众工作会议\owo_modules\7c776025c29680036680cb22a13e2868.owo
[2019-12-05T09:25:17.724] [DEBUG] default - 缓存模板: topBarhttps://owo.ink/public/6b0b9997573040ed3cc6230f3891f322.page
[2019-12-05T09:25:17.726] [DEBUG] default - 模块topBar处理用时: 6 毫秒!
[2019-12-05T09:25:17.726] [INFO] default - 开始处理模块: 44V6SpMv
[2019-12-05T09:25:17.726] [DEBUG] default - 使用文件缓存:D:\work\网上群众工作会议\owo_modules\a7d6fba2076c71b6b9e983c9ae14301e.owo
[2019-12-05T09:25:17.733] [DEBUG] default - 缓存模板: 44V6SpMvhttps://owo.ink/public/9ae01844f597efedc55577b6ea9004d6.page
[2019-12-05T09:25:17.741] [DEBUG] default - 模块44V6SpMv处理用时: 15 毫秒!
[2019-12-05T09:25:17.742] [DEBUG] default - 缓存模板: home./src/page/home.owo
[2019-12-05T09:25:17.743] [DEBUG] default - 页面home处理用时: 31 毫秒!
[2019-12-05T09:25:17.743] [DEBUG] default - css中的资源处理完毕!
[2019-12-05T09:25:17.743] [DEBUG] default - 使用postcss处理样式，使用了1个插件!
[2019-12-05T09:25:17.749] [INFO] default - 处理字体: {}
[2019-12-05T09:25:17.750] [INFO] default - 使用postcss处理完毕! 用时: 7 毫秒
[2019-12-05T09:25:17.750] [INFO] default - 正在处理script!
[2019-12-05T09:25:17.751] [DEBUG] default - 选择将js合并到html中!
[2019-12-05T09:25:17.771] [INFO] default - 工程中只有一个页面!
[2019-12-05T09:25:17.772] [INFO] default - js中的资源处理完毕!
[2019-12-05T09:25:17.772] [DEBUG] default - 处理引用脚本: [{"name":"jquery1.11.0","src":"http://tools.people.com.cn/libs/jquery/1.11.1/jquery-1.11.1.min.js"},{"name":"idangerous.swiper2.7.0","src":"http://tools.people.com.cn/libs/swiper/2.0/idangerous.swiper.min.js"},{"name":"main","src":"./src/main.js","resource":true}]
[2019-12-05T09:25:17.772] [DEBUG] default - 外部脚本数量: 3
[2019-12-05T09:25:17.772] [DEBUG] default - 处理脚本: jquery1.11.0
[2019-12-05T09:25:17.772] [DEBUG] default - 网络脚本: jquery1.11.0
[2019-12-05T09:25:17.772] [DEBUG] default - 处理脚本: idangerous.swiper2.7.0
[2019-12-05T09:25:17.772] [DEBUG] default - 网络脚本: idangerous.swiper2.7.0
[2019-12-05T09:25:17.772] [DEBUG] default - 处理脚本: main
[2019-12-05T09:25:17.772] [INFO] default - 读取文件: D:\work\网上群众工作会议\src\main.js
[2019-12-05T09:25:17.772] [DEBUG] default - 输出scriptData
[2019-12-05T09:25:17.772] [DEBUG] default - 准备输出html!
[2019-12-05T09:25:17.772] [DEBUG] default - 忽略文件: D:/work/网上群众工作会议/src/resource/bg.jpg
[2019-12-05T09:25:17.773] [DEBUG] default - 页面中不包含切换动画!
[2019-12-05T09:25:17.774] [INFO] default - 编译结束!
[2019-12-05T09:25:17.775] [INFO] default - 发送页面需要刷新命令!
[2019-12-05T09:25:17.775] [INFO] default - 读取成功: D:\work\网上群众工作会议\src\main.js
[2019-12-05T09:25:17.775] [INFO] default - 写入文件: D:\work\网上群众工作会议\dist\static\css\owo.main.css
[2019-12-05T09:25:17.775] [INFO] default - 主要逻辑文件写出成功!
[2019-12-05T09:25:17.776] [INFO] default - 写入文件: D:\work\网上群众工作会议\dist\static\js\main.js
[2019-12-05T09:26:42.634] [INFO] default - file change: owo_modules\a7d6fba2076c71b6b9e983c9ae14301e.owo
[2019-12-05T09:26:42.634] [INFO] default - --------------------------- 开始编译 ---------------------------
[2019-12-05T09:26:42.634] [INFO] default - 程序运行目录: D:\work\网上群众工作会议
[2019-12-05T09:26:42.634] [INFO] default - 刷新模式,变化目录: owo_modules\a7d6fba2076c71b6b9e983c9ae14301e.owo
[2019-12-05T09:26:42.634] [INFO] default - 读取模板文件: C:\Users\PG\Documents\GitHub\PG\lib\index.html
[2019-12-05T09:26:42.634] [DEBUG] default - 读取网页标题: {TAG_14226_TAG}
[2019-12-05T09:26:42.634] [DEBUG] default - 处理页面源信息: [{"http-equiv":"content-type","content":"text/html; charset=UTF-8"},{"name":"viewport","content":"width=1200, user-scalable=no"},{"name":"format-detection","content":"telephone=no, email=no"},{"name":"apple-mobile-web-app-capable","content":"yes"},{"name":"apple-mobile-web-app-status-bar-style","content":"white"},{"name":"renderer","content":"webkit"},{"http-equiv":"X-UA-Compatible","content":"IE=edge,chrome=1"},{"name":"filetype","content":"1"},{"name":"publishedtype","content":"1"},{"name":"pagetype","content":"2"},{"name":"screen-orientation","content":"landscape"},{"name":"x5-orientation","content":"landscape"},{"name":"full-screen","content":"yes"},{"name":"x5-fullscreen","content":"true"},{"name":"browsermode","content":"application"},{"name":"x5-page-mode","content":"app"}]
[2019-12-05T09:26:42.635] [INFO] default - 开始处理模块: home
[2019-12-05T09:26:42.641] [INFO] default - 开始处理模块: topBar
[2019-12-05T09:26:42.642] [DEBUG] default - 使用文件缓存:D:\work\网上群众工作会议\owo_modules\7c776025c29680036680cb22a13e2868.owo
[2019-12-05T09:26:42.644] [DEBUG] default - 缓存模板: topBarhttps://owo.ink/public/6b0b9997573040ed3cc6230f3891f322.page
[2019-12-05T09:26:42.645] [DEBUG] default - 模块topBar处理用时: 4 毫秒!
[2019-12-05T09:26:42.646] [INFO] default - 开始处理模块: 44V6SpMv
[2019-12-05T09:26:42.646] [DEBUG] default - 使用文件缓存:D:\work\网上群众工作会议\owo_modules\a7d6fba2076c71b6b9e983c9ae14301e.owo
[2019-12-05T09:26:42.651] [DEBUG] default - 缓存模板: 44V6SpMvhttps://owo.ink/public/9ae01844f597efedc55577b6ea9004d6.page
[2019-12-05T09:26:42.660] [DEBUG] default - 模块44V6SpMv处理用时: 14 毫秒!
[2019-12-05T09:26:42.661] [DEBUG] default - 缓存模板: home./src/page/home.owo
[2019-12-05T09:26:42.662] [DEBUG] default - 页面home处理用时: 27 毫秒!
[2019-12-05T09:26:42.663] [DEBUG] default - css中的资源处理完毕!
[2019-12-05T09:26:42.663] [DEBUG] default - 使用postcss处理样式，使用了1个插件!
[2019-12-05T09:26:42.665] [INFO] default - 处理字体: {}
[2019-12-05T09:26:42.665] [INFO] default - 使用postcss处理完毕! 用时: 2 毫秒
[2019-12-05T09:26:42.666] [INFO] default - 正在处理script!
[2019-12-05T09:26:42.666] [DEBUG] default - 选择将js合并到html中!
[2019-12-05T09:26:42.688] [INFO] default - 工程中只有一个页面!
[2019-12-05T09:26:42.688] [INFO] default - js中的资源处理完毕!
[2019-12-05T09:26:42.689] [DEBUG] default - 处理引用脚本: [{"name":"jquery1.11.0","src":"http://tools.people.com.cn/libs/jquery/1.11.1/jquery-1.11.1.min.js"},{"name":"idangerous.swiper2.7.0","src":"http://tools.people.com.cn/libs/swiper/2.0/idangerous.swiper.min.js"},{"name":"main","src":"./src/main.js","resource":true}]
[2019-12-05T09:26:42.689] [DEBUG] default - 外部脚本数量: 3
[2019-12-05T09:26:42.689] [DEBUG] default - 处理脚本: jquery1.11.0
[2019-12-05T09:26:42.689] [DEBUG] default - 网络脚本: jquery1.11.0
[2019-12-05T09:26:42.689] [DEBUG] default - 处理脚本: idangerous.swiper2.7.0
[2019-12-05T09:26:42.689] [DEBUG] default - 网络脚本: idangerous.swiper2.7.0
[2019-12-05T09:26:42.689] [DEBUG] default - 处理脚本: main
[2019-12-05T09:26:42.689] [INFO] default - 读取文件: D:\work\网上群众工作会议\src\main.js
[2019-12-05T09:26:42.689] [DEBUG] default - 输出scriptData
[2019-12-05T09:26:42.689] [DEBUG] default - 准备输出html!
[2019-12-05T09:26:42.690] [DEBUG] default - 忽略文件: D:/work/网上群众工作会议/src/resource/bg.jpg
[2019-12-05T09:26:42.691] [DEBUG] default - 页面中不包含切换动画!
[2019-12-05T09:26:42.691] [INFO] default - 编译结束!
[2019-12-05T09:26:42.692] [INFO] default - 发送页面需要刷新命令!
[2019-12-05T09:26:42.693] [INFO] default - 写入文件: D:\work\网上群众工作会议\dist\static\css\owo.main.css
[2019-12-05T09:26:42.693] [INFO] default - 主要逻辑文件写出成功!
[2019-12-05T09:26:42.693] [INFO] default - 读取成功: D:\work\网上群众工作会议\src\main.js
[2019-12-05T09:26:42.694] [INFO] default - 写入文件: D:\work\网上群众工作会议\dist\static\js\main.js
[2019-12-05T09:28:29.371] [INFO] default - file change: owo_modules\a7d6fba2076c71b6b9e983c9ae14301e.owo
[2019-12-05T09:28:29.371] [INFO] default - --------------------------- 开始编译 ---------------------------
[2019-12-05T09:28:29.371] [INFO] default - 程序运行目录: D:\work\网上群众工作会议
[2019-12-05T09:28:29.371] [INFO] default - 刷新模式,变化目录: owo_modules\a7d6fba2076c71b6b9e983c9ae14301e.owo
[2019-12-05T09:28:29.371] [INFO] default - 读取模板文件: C:\Users\PG\Documents\GitHub\PG\lib\index.html
[2019-12-05T09:28:29.371] [DEBUG] default - 读取网页标题: {TAG_14226_TAG}
[2019-12-05T09:28:29.371] [DEBUG] default - 处理页面源信息: [{"http-equiv":"content-type","content":"text/html; charset=UTF-8"},{"name":"viewport","content":"width=1200, user-scalable=no"},{"name":"format-detection","content":"telephone=no, email=no"},{"name":"apple-mobile-web-app-capable","content":"yes"},{"name":"apple-mobile-web-app-status-bar-style","content":"white"},{"name":"renderer","content":"webkit"},{"http-equiv":"X-UA-Compatible","content":"IE=edge,chrome=1"},{"name":"filetype","content":"1"},{"name":"publishedtype","content":"1"},{"name":"pagetype","content":"2"},{"name":"screen-orientation","content":"landscape"},{"name":"x5-orientation","content":"landscape"},{"name":"full-screen","content":"yes"},{"name":"x5-fullscreen","content":"true"},{"name":"browsermode","content":"application"},{"name":"x5-page-mode","content":"app"}]
[2019-12-05T09:28:29.371] [INFO] default - 开始处理模块: home
[2019-12-05T09:28:29.379] [INFO] default - 开始处理模块: topBar
[2019-12-05T09:28:29.380] [DEBUG] default - 使用文件缓存:D:\work\网上群众工作会议\owo_modules\7c776025c29680036680cb22a13e2868.owo
[2019-12-05T09:28:29.382] [DEBUG] default - 缓存模板: topBarhttps://owo.ink/public/6b0b9997573040ed3cc6230f3891f322.page
[2019-12-05T09:28:29.384] [DEBUG] default - 模块topBar处理用时: 5 毫秒!
[2019-12-05T09:28:29.384] [INFO] default - 开始处理模块: 44V6SpMv
[2019-12-05T09:28:29.385] [DEBUG] default - 使用文件缓存:D:\work\网上群众工作会议\owo_modules\a7d6fba2076c71b6b9e983c9ae14301e.owo
[2019-12-05T09:28:29.391] [DEBUG] default - 缓存模板: 44V6SpMvhttps://owo.ink/public/9ae01844f597efedc55577b6ea9004d6.page
[2019-12-05T09:28:29.399] [DEBUG] default - 模块44V6SpMv处理用时: 15 毫秒!
[2019-12-05T09:28:29.400] [DEBUG] default - 缓存模板: home./src/page/home.owo
[2019-12-05T09:28:29.401] [DEBUG] default - 页面home处理用时: 30 毫秒!
[2019-12-05T09:28:29.402] [DEBUG] default - css中的资源处理完毕!
[2019-12-05T09:28:29.402] [DEBUG] default - 使用postcss处理样式，使用了1个插件!
[2019-12-05T09:28:29.405] [INFO] default - 处理字体: {}
[2019-12-05T09:28:29.405] [INFO] default - 使用postcss处理完毕! 用时: 3 毫秒
[2019-12-05T09:28:29.405] [INFO] default - 正在处理script!
[2019-12-05T09:28:29.407] [DEBUG] default - 选择将js合并到html中!
[2019-12-05T09:28:29.428] [INFO] default - 工程中只有一个页面!
[2019-12-05T09:28:29.429] [INFO] default - js中的资源处理完毕!
[2019-12-05T09:28:29.429] [DEBUG] default - 处理引用脚本: [{"name":"jquery1.11.0","src":"http://tools.people.com.cn/libs/jquery/1.11.1/jquery-1.11.1.min.js"},{"name":"idangerous.swiper2.7.0","src":"http://tools.people.com.cn/libs/swiper/2.0/idangerous.swiper.min.js"},{"name":"main","src":"./src/main.js","resource":true}]
[2019-12-05T09:28:29.429] [DEBUG] default - 外部脚本数量: 3
[2019-12-05T09:28:29.429] [DEBUG] default - 处理脚本: jquery1.11.0
[2019-12-05T09:28:29.429] [DEBUG] default - 网络脚本: jquery1.11.0
[2019-12-05T09:28:29.429] [DEBUG] default - 处理脚本: idangerous.swiper2.7.0
[2019-12-05T09:28:29.429] [DEBUG] default - 网络脚本: idangerous.swiper2.7.0
[2019-12-05T09:28:29.429] [DEBUG] default - 处理脚本: main
[2019-12-05T09:28:29.429] [INFO] default - 读取文件: D:\work\网上群众工作会议\src\main.js
[2019-12-05T09:28:29.429] [DEBUG] default - 输出scriptData
[2019-12-05T09:28:29.429] [DEBUG] default - 准备输出html!
[2019-12-05T09:28:29.429] [DEBUG] default - 忽略文件: D:/work/网上群众工作会议/src/resource/bg.jpg
[2019-12-05T09:28:29.430] [DEBUG] default - 页面中不包含切换动画!
[2019-12-05T09:28:29.431] [INFO] default - 编译结束!
[2019-12-05T09:28:29.431] [INFO] default - 发送页面需要刷新命令!
[2019-12-05T09:28:29.460] [INFO] default - 写入文件: D:\work\网上群众工作会议\dist\static\css\owo.main.css
[2019-12-05T09:28:29.460] [INFO] default - 主要逻辑文件写出成功!
[2019-12-05T09:28:29.461] [INFO] default - 读取成功: D:\work\网上群众工作会议\src\main.js
[2019-12-05T09:28:29.465] [INFO] default - 写入文件: D:\work\网上群众工作会议\dist\static\js\main.js
[2019-12-05T09:28:58.551] [INFO] default - file change: owo_modules\a7d6fba2076c71b6b9e983c9ae14301e.owo
[2019-12-05T09:28:58.551] [INFO] default - --------------------------- 开始编译 ---------------------------
[2019-12-05T09:28:58.551] [INFO] default - 程序运行目录: D:\work\网上群众工作会议
[2019-12-05T09:28:58.552] [INFO] default - 刷新模式,变化目录: owo_modules\a7d6fba2076c71b6b9e983c9ae14301e.owo
[2019-12-05T09:28:58.552] [INFO] default - 读取模板文件: C:\Users\PG\Documents\GitHub\PG\lib\index.html
[2019-12-05T09:28:58.552] [DEBUG] default - 读取网页标题: {TAG_14226_TAG}
[2019-12-05T09:28:58.552] [DEBUG] default - 处理页面源信息: [{"http-equiv":"content-type","content":"text/html; charset=UTF-8"},{"name":"viewport","content":"width=1200, user-scalable=no"},{"name":"format-detection","content":"telephone=no, email=no"},{"name":"apple-mobile-web-app-capable","content":"yes"},{"name":"apple-mobile-web-app-status-bar-style","content":"white"},{"name":"renderer","content":"webkit"},{"http-equiv":"X-UA-Compatible","content":"IE=edge,chrome=1"},{"name":"filetype","content":"1"},{"name":"publishedtype","content":"1"},{"name":"pagetype","content":"2"},{"name":"screen-orientation","content":"landscape"},{"name":"x5-orientation","content":"landscape"},{"name":"full-screen","content":"yes"},{"name":"x5-fullscreen","content":"true"},{"name":"browsermode","content":"application"},{"name":"x5-page-mode","content":"app"}]
[2019-12-05T09:28:58.552] [INFO] default - 开始处理模块: home
[2019-12-05T09:28:58.574] [INFO] default - 开始处理模块: topBar
[2019-12-05T09:28:58.574] [DEBUG] default - 使用文件缓存:D:\work\网上群众工作会议\owo_modules\7c776025c29680036680cb22a13e2868.owo
[2019-12-05T09:28:58.578] [DEBUG] default - 缓存模板: topBarhttps://owo.ink/public/6b0b9997573040ed3cc6230f3891f322.page
[2019-12-05T09:28:58.580] [DEBUG] default - 模块topBar处理用时: 6 毫秒!
[2019-12-05T09:28:58.580] [INFO] default - 开始处理模块: 44V6SpMv
[2019-12-05T09:28:58.580] [DEBUG] default - 使用文件缓存:D:\work\网上群众工作会议\owo_modules\a7d6fba2076c71b6b9e983c9ae14301e.owo
[2019-12-05T09:28:58.589] [DEBUG] default - 缓存模板: 44V6SpMvhttps://owo.ink/public/9ae01844f597efedc55577b6ea9004d6.page
[2019-12-05T09:28:58.600] [DEBUG] default - 模块44V6SpMv处理用时: 20 毫秒!
[2019-12-05T09:28:58.602] [DEBUG] default - 缓存模板: home./src/page/home.owo
[2019-12-05T09:28:58.603] [DEBUG] default - 页面home处理用时: 51 毫秒!
[2019-12-05T09:28:58.604] [DEBUG] default - css中的资源处理完毕!
[2019-12-05T09:28:58.604] [DEBUG] default - 使用postcss处理样式，使用了1个插件!
[2019-12-05T09:28:58.607] [INFO] default - 处理字体: {}
[2019-12-05T09:28:58.609] [INFO] default - 使用postcss处理完毕! 用时: 5 毫秒
[2019-12-05T09:28:58.609] [INFO] default - 正在处理script!
[2019-12-05T09:28:58.610] [DEBUG] default - 选择将js合并到html中!
[2019-12-05T09:28:58.646] [INFO] default - 工程中只有一个页面!
[2019-12-05T09:28:58.646] [INFO] default - js中的资源处理完毕!
[2019-12-05T09:28:58.647] [DEBUG] default - 处理引用脚本: [{"name":"jquery1.11.0","src":"http://tools.people.com.cn/libs/jquery/1.11.1/jquery-1.11.1.min.js"},{"name":"idangerous.swiper2.7.0","src":"http://tools.people.com.cn/libs/swiper/2.0/idangerous.swiper.min.js"},{"name":"main","src":"./src/main.js","resource":true}]
[2019-12-05T09:28:58.647] [DEBUG] default - 外部脚本数量: 3
[2019-12-05T09:28:58.647] [DEBUG] default - 处理脚本: jquery1.11.0
[2019-12-05T09:28:58.647] [DEBUG] default - 网络脚本: jquery1.11.0
[2019-12-05T09:28:58.647] [DEBUG] default - 处理脚本: idangerous.swiper2.7.0
[2019-12-05T09:28:58.647] [DEBUG] default - 网络脚本: idangerous.swiper2.7.0
[2019-12-05T09:28:58.647] [DEBUG] default - 处理脚本: main
[2019-12-05T09:28:58.647] [INFO] default - 读取文件: D:\work\网上群众工作会议\src\main.js
[2019-12-05T09:28:58.647] [DEBUG] default - 输出scriptData
[2019-12-05T09:28:58.647] [DEBUG] default - 准备输出html!
[2019-12-05T09:28:58.647] [DEBUG] default - 忽略文件: D:/work/网上群众工作会议/src/resource/bg.jpg
[2019-12-05T09:28:58.648] [DEBUG] default - 页面中不包含切换动画!
[2019-12-05T09:28:58.648] [INFO] default - 编译结束!
[2019-12-05T09:28:58.649] [INFO] default - 发送页面需要刷新命令!
[2019-12-05T09:28:58.649] [INFO] default - 写入文件: D:\work\网上群众工作会议\dist\static\css\owo.main.css
[2019-12-05T09:28:58.649] [INFO] default - 读取成功: D:\work\网上群众工作会议\src\main.js
[2019-12-05T09:28:58.649] [INFO] default - 主要逻辑文件写出成功!
[2019-12-05T09:28:58.650] [INFO] default - 写入文件: D:\work\网上群众工作会议\dist\static\js\main.js
[2019-12-05T09:30:05.295] [INFO] default - file change: owo_modules\a7d6fba2076c71b6b9e983c9ae14301e.owo
[2019-12-05T09:30:05.295] [INFO] default - --------------------------- 开始编译 ---------------------------
[2019-12-05T09:30:05.295] [INFO] default - 程序运行目录: D:\work\网上群众工作会议
[2019-12-05T09:30:05.295] [INFO] default - 刷新模式,变化目录: owo_modules\a7d6fba2076c71b6b9e983c9ae14301e.owo
[2019-12-05T09:30:05.295] [INFO] default - 读取模板文件: C:\Users\PG\Documents\GitHub\PG\lib\index.html
[2019-12-05T09:30:05.295] [DEBUG] default - 读取网页标题: {TAG_14226_TAG}
[2019-12-05T09:30:05.295] [DEBUG] default - 处理页面源信息: [{"http-equiv":"content-type","content":"text/html; charset=UTF-8"},{"name":"viewport","content":"width=1200, user-scalable=no"},{"name":"format-detection","content":"telephone=no, email=no"},{"name":"apple-mobile-web-app-capable","content":"yes"},{"name":"apple-mobile-web-app-status-bar-style","content":"white"},{"name":"renderer","content":"webkit"},{"http-equiv":"X-UA-Compatible","content":"IE=edge,chrome=1"},{"name":"filetype","content":"1"},{"name":"publishedtype","content":"1"},{"name":"pagetype","content":"2"},{"name":"screen-orientation","content":"landscape"},{"name":"x5-orientation","content":"landscape"},{"name":"full-screen","content":"yes"},{"name":"x5-fullscreen","content":"true"},{"name":"browsermode","content":"application"},{"name":"x5-page-mode","content":"app"}]
[2019-12-05T09:30:05.296] [INFO] default - 开始处理模块: home
[2019-12-05T09:30:05.302] [INFO] default - 开始处理模块: topBar
[2019-12-05T09:30:05.303] [DEBUG] default - 使用文件缓存:D:\work\网上群众工作会议\owo_modules\7c776025c29680036680cb22a13e2868.owo
[2019-12-05T09:30:05.307] [DEBUG] default - 缓存模板: topBarhttps://owo.ink/public/6b0b9997573040ed3cc6230f3891f322.page
[2019-12-05T09:30:05.309] [DEBUG] default - 模块topBar处理用时: 7 毫秒!
[2019-12-05T09:30:05.310] [INFO] default - 开始处理模块: 44V6SpMv
[2019-12-05T09:30:05.310] [DEBUG] default - 使用文件缓存:D:\work\网上群众工作会议\owo_modules\a7d6fba2076c71b6b9e983c9ae14301e.owo
[2019-12-05T09:30:05.318] [DEBUG] default - 缓存模板: 44V6SpMvhttps://owo.ink/public/9ae01844f597efedc55577b6ea9004d6.page
[2019-12-05T09:30:05.330] [DEBUG] default - 模块44V6SpMv处理用时: 20 毫秒!
[2019-12-05T09:30:05.331] [DEBUG] default - 缓存模板: home./src/page/home.owo
[2019-12-05T09:30:05.333] [DEBUG] default - 页面home处理用时: 37 毫秒!
[2019-12-05T09:30:05.334] [DEBUG] default - css中的资源处理完毕!
[2019-12-05T09:30:05.334] [DEBUG] default - 使用postcss处理样式，使用了1个插件!
[2019-12-05T09:30:05.341] [INFO] default - 处理字体: {}
[2019-12-05T09:30:05.342] [INFO] default - 使用postcss处理完毕! 用时: 8 毫秒
[2019-12-05T09:30:05.342] [INFO] default - 正在处理script!
[2019-12-05T09:30:05.343] [DEBUG] default - 选择将js合并到html中!
[2019-12-05T09:30:05.379] [INFO] default - 工程中只有一个页面!
[2019-12-05T09:30:05.380] [INFO] default - js中的资源处理完毕!
[2019-12-05T09:30:05.380] [DEBUG] default - 处理引用脚本: [{"name":"jquery1.11.0","src":"http://tools.people.com.cn/libs/jquery/1.11.1/jquery-1.11.1.min.js"},{"name":"idangerous.swiper2.7.0","src":"http://tools.people.com.cn/libs/swiper/2.0/idangerous.swiper.min.js"},{"name":"main","src":"./src/main.js","resource":true}]
[2019-12-05T09:30:05.380] [DEBUG] default - 外部脚本数量: 3
[2019-12-05T09:30:05.382] [DEBUG] default - 处理脚本: jquery1.11.0
[2019-12-05T09:30:05.382] [DEBUG] default - 网络脚本: jquery1.11.0
[2019-12-05T09:30:05.382] [DEBUG] default - 处理脚本: idangerous.swiper2.7.0
[2019-12-05T09:30:05.382] [DEBUG] default - 网络脚本: idangerous.swiper2.7.0
[2019-12-05T09:30:05.382] [DEBUG] default - 处理脚本: main
[2019-12-05T09:30:05.382] [INFO] default - 读取文件: D:\work\网上群众工作会议\src\main.js
[2019-12-05T09:30:05.382] [DEBUG] default - 输出scriptData
[2019-12-05T09:30:05.382] [DEBUG] default - 准备输出html!
[2019-12-05T09:30:05.382] [DEBUG] default - 忽略文件: D:/work/网上群众工作会议/src/resource/bg.jpg
[2019-12-05T09:30:05.383] [DEBUG] default - 页面中不包含切换动画!
[2019-12-05T09:30:05.384] [INFO] default - 编译结束!
[2019-12-05T09:30:05.384] [INFO] default - 发送页面需要刷新命令!
[2019-12-05T09:30:05.385] [INFO] default - 写入文件: D:\work\网上群众工作会议\dist\static\css\owo.main.css
[2019-12-05T09:30:05.385] [INFO] default - 主要逻辑文件写出成功!
[2019-12-05T09:30:05.393] [INFO] default - 读取成功: D:\work\网上群众工作会议\src\main.js
[2019-12-05T09:30:05.395] [INFO] default - 写入文件: D:\work\网上群众工作会议\dist\static\js\main.js
[2019-12-05T09:33:46.976] [INFO] default - file change: owo_modules\a7d6fba2076c71b6b9e983c9ae14301e.owo
[2019-12-05T09:33:46.976] [INFO] default - --------------------------- 开始编译 ---------------------------
[2019-12-05T09:33:46.976] [INFO] default - 程序运行目录: D:\work\网上群众工作会议
[2019-12-05T09:33:46.976] [INFO] default - 刷新模式,变化目录: owo_modules\a7d6fba2076c71b6b9e983c9ae14301e.owo
[2019-12-05T09:33:46.976] [INFO] default - 读取模板文件: C:\Users\PG\Documents\GitHub\PG\lib\index.html
[2019-12-05T09:33:46.976] [DEBUG] default - 读取网页标题: {TAG_14226_TAG}
[2019-12-05T09:33:46.976] [DEBUG] default - 处理页面源信息: [{"http-equiv":"content-type","content":"text/html; charset=UTF-8"},{"name":"viewport","content":"width=1200, user-scalable=no"},{"name":"format-detection","content":"telephone=no, email=no"},{"name":"apple-mobile-web-app-capable","content":"yes"},{"name":"apple-mobile-web-app-status-bar-style","content":"white"},{"name":"renderer","content":"webkit"},{"http-equiv":"X-UA-Compatible","content":"IE=edge,chrome=1"},{"name":"filetype","content":"1"},{"name":"publishedtype","content":"1"},{"name":"pagetype","content":"2"},{"name":"screen-orientation","content":"landscape"},{"name":"x5-orientation","content":"landscape"},{"name":"full-screen","content":"yes"},{"name":"x5-fullscreen","content":"true"},{"name":"browsermode","content":"application"},{"name":"x5-page-mode","content":"app"}]
[2019-12-05T09:33:46.977] [INFO] default - 开始处理模块: home
[2019-12-05T09:33:46.988] [INFO] default - 开始处理模块: topBar
[2019-12-05T09:33:46.988] [DEBUG] default - 使用文件缓存:D:\work\网上群众工作会议\owo_modules\7c776025c29680036680cb22a13e2868.owo
[2019-12-05T09:33:46.991] [DEBUG] default - 缓存模板: topBarhttps://owo.ink/public/6b0b9997573040ed3cc6230f3891f322.page
[2019-12-05T09:33:46.992] [DEBUG] default - 模块topBar处理用时: 5 毫秒!
[2019-12-05T09:33:46.992] [INFO] default - 开始处理模块: 44V6SpMv
[2019-12-05T09:33:46.992] [DEBUG] default - 使用文件缓存:D:\work\网上群众工作会议\owo_modules\a7d6fba2076c71b6b9e983c9ae14301e.owo
[2019-12-05T09:33:46.998] [DEBUG] default - 缓存模板: 44V6SpMvhttps://owo.ink/public/9ae01844f597efedc55577b6ea9004d6.page
[2019-12-05T09:33:47.007] [DEBUG] default - 模块44V6SpMv处理用时: 15 毫秒!
[2019-12-05T09:33:47.008] [DEBUG] default - 缓存模板: home./src/page/home.owo
[2019-12-05T09:33:47.010] [DEBUG] default - 页面home处理用时: 33 毫秒!
[2019-12-05T09:33:47.010] [DEBUG] default - css中的资源处理完毕!
[2019-12-05T09:33:47.010] [DEBUG] default - 使用postcss处理样式，使用了1个插件!
[2019-12-05T09:33:47.013] [INFO] default - 处理字体: {}
[2019-12-05T09:33:47.014] [INFO] default - 使用postcss处理完毕! 用时: 4 毫秒
[2019-12-05T09:33:47.014] [INFO] default - 正在处理script!
[2019-12-05T09:33:47.015] [DEBUG] default - 选择将js合并到html中!
[2019-12-05T09:33:47.040] [INFO] default - 工程中只有一个页面!
[2019-12-05T09:33:47.041] [INFO] default - js中的资源处理完毕!
[2019-12-05T09:33:47.041] [DEBUG] default - 处理引用脚本: [{"name":"jquery1.11.0","src":"http://tools.people.com.cn/libs/jquery/1.11.1/jquery-1.11.1.min.js"},{"name":"idangerous.swiper2.7.0","src":"http://tools.people.com.cn/libs/swiper/2.0/idangerous.swiper.min.js"},{"name":"main","src":"./src/main.js","resource":true}]
[2019-12-05T09:33:47.041] [DEBUG] default - 外部脚本数量: 3
[2019-12-05T09:33:47.041] [DEBUG] default - 处理脚本: jquery1.11.0
[2019-12-05T09:33:47.041] [DEBUG] default - 网络脚本: jquery1.11.0
[2019-12-05T09:33:47.041] [DEBUG] default - 处理脚本: idangerous.swiper2.7.0
[2019-12-05T09:33:47.041] [DEBUG] default - 网络脚本: idangerous.swiper2.7.0
[2019-12-05T09:33:47.041] [DEBUG] default - 处理脚本: main
[2019-12-05T09:33:47.041] [INFO] default - 读取文件: D:\work\网上群众工作会议\src\main.js
[2019-12-05T09:33:47.041] [DEBUG] default - 输出scriptData
[2019-12-05T09:33:47.041] [DEBUG] default - 准备输出html!
[2019-12-05T09:33:47.041] [DEBUG] default - 忽略文件: D:/work/网上群众工作会议/src/resource/bg.jpg
[2019-12-05T09:33:47.042] [DEBUG] default - 页面中不包含切换动画!
[2019-12-05T09:33:47.043] [INFO] default - 编译结束!
[2019-12-05T09:33:47.043] [INFO] default - 发送页面需要刷新命令!
[2019-12-05T09:33:47.044] [INFO] default - 读取成功: D:\work\网上群众工作会议\src\main.js
[2019-12-05T09:33:47.045] [INFO] default - 写入文件: D:\work\网上群众工作会议\dist\static\css\owo.main.css
[2019-12-05T09:33:47.045] [INFO] default - 主要逻辑文件写出成功!
[2019-12-05T09:33:47.045] [INFO] default - 写入文件: D:\work\网上群众工作会议\dist\static\js\main.js
